#
# A fatal error has been detected by the Java Runtime Environment:
#
#  Internal Error (sharedRuntime.cpp:532), pid=87688, tid=9731
#  Error: ShouldNotReachHere()
#
# JRE version: OpenJDK Runtime Environment Zulu16.30+15-CA (16.0.1+9) (build 16.0.1+9)
# Java VM: OpenJDK 64-Bit Server VM Zulu16.30+15-CA (16.0.1+9, mixed mode, tiered, compressed oops, compressed class ptrs, g1 gc, bsd-aarch64)
# No core dump will be written. Core dumps have been disabled. To enable core dumping, try "ulimit -c unlimited" before starting Java again
#
# If you would like to submit a bug report, please visit:
#   http://www.azulsystems.com/support/
#

---------------  S U M M A R Y ------------

Command Line: -Dorg.gradle.appname=gradlew org.gradle.wrapper.GradleWrapperMain -q -Ptarget-platform=android-arm,android-arm64,android-x64 -Ptarget=lib/main.dart -Pdart-obfuscation=false -Ptrack-widget-creation=true -Ptree-shake-icons=true assembleRelease

Host: MacBookPro17,1 arm64 1 MHz, 8 cores, 16G, Darwin 20.5.0, macOS 11.4 (20F71)
Time: Thu Jul  8 13:26:08 2021 EDT elapsed time: 0.459530 seconds (0d 0h 0m 0s)

---------------  T H R E A D  ---------------

Current thread (0x0000000148808200):  JavaThread "main" [_thread_in_Java, id=9731, stack(0x000000016b760000,0x000000016b963000)]

Stack: [0x000000016b760000,0x000000016b963000],  sp=0x000000016b960860,  free space=2050k
Native frames: (J=compiled Java code, A=aot compiled Java code, j=interpreted, Vv=VM code, C=native code)
V  [libjvm.dylib+0x9abf04]  VMError::report_and_die(int, char const*, char const*, char*, Thread*, unsigned char*, void*, void*, char const*, int, unsigned long)+0x46c
V  [libjvm.dylib+0x9ac658]  VMError::report_and_die(Thread*, void*, char const*, int, char const*, char const*, char*)+0x40
V  [libjvm.dylib+0x2a9ab0]  report_vm_error(char const*, int, char const*, char const*, ...)+0x5c
V  [libjvm.dylib+0x2a9c84]  report_should_not_reach_here(char const*, int)+0x2c
V  [libjvm.dylib+0x81380c]  SharedRuntime::raw_exception_handler_for_return_address(JavaThread*, unsigned char*)+0x178
V  [libjvm.dylib+0x8138b0]  SharedRuntime::exception_handler_for_return_address(JavaThread*, unsigned char*)+0x28
v  ~StubRoutines::forward exception
j  org.slf4j.MarkerFactory.<clinit>()V+0
v  ~StubRoutines::call_stub
V  [libjvm.dylib+0x43f6b8]  JavaCalls::call_helper(JavaValue*, methodHandle const&, JavaCallArguments*, Thread*)+0x30c
V  [libjvm.dylib+0x421084]  InstanceKlass::call_class_initializer(Thread*)+0x1e8
V  [libjvm.dylib+0x4207b0]  InstanceKlass::initialize_impl(Thread*)+0x57c
V  [libjvm.dylib+0x657db4]  LinkResolver::resolve_static_call(CallInfo&, LinkInfo const&, bool, Thread*)+0x78
V  [libjvm.dylib+0x659d8c]  LinkResolver::resolve_invoke(CallInfo&, Handle, constantPoolHandle const&, int, Bytecodes::Code, Thread*)+0xac
V  [libjvm.dylib+0x4389d4]  InterpreterRuntime::resolve_invoke(JavaThread*, Bytecodes::Code)+0x29c
V  [libjvm.dylib+0x438fd0]  InterpreterRuntime::resolve_from_cache(JavaThread*, Bytecodes::Code)+0x7c
j  org.gradle.api.logging.Logging.<clinit>()V+2
v  ~StubRoutines::call_stub
V  [libjvm.dylib+0x43f6b8]  JavaCalls::call_helper(JavaValue*, methodHandle const&, JavaCallArguments*, Thread*)+0x30c
V  [libjvm.dylib+0x421084]  InstanceKlass::call_class_initializer(Thread*)+0x1e8
V  [libjvm.dylib+0x4207b0]  InstanceKlass::initialize_impl(Thread*)+0x57c
V  [libjvm.dylib+0x657db4]  LinkResolver::resolve_static_call(CallInfo&, LinkInfo const&, bool, Thread*)+0x78
V  [libjvm.dylib+0x659d8c]  LinkResolver::resolve_invoke(CallInfo&, Handle, constantPoolHandle const&, int, Bytecodes::Code, Thread*)+0xac
V  [libjvm.dylib+0x4389d4]  InterpreterRuntime::resolve_invoke(JavaThread*, Bytecodes::Code)+0x29c
V  [libjvm.dylib+0x438fd0]  InterpreterRuntime::resolve_from_cache(JavaThread*, Bytecodes::Code)+0x7c
j  org.gradle.launcher.cli.DebugLoggerWarningAction.<init>(Lorg/gradle/api/logging/configuration/LoggingConfiguration;Lorg/gradle/api/Action;)V+3
j  org.gradle.launcher.cli.DefaultCommandLineActionFactory$WithLogging.execute(Lorg/gradle/launcher/bootstrap/ExecutionListener;)V+240
j  org.gradle.launcher.Main.doAction([Ljava/lang/String;Lorg/gradle/launcher/bootstrap/ExecutionListener;)V+14
j  org.gradle.launcher.bootstrap.EntryPoint.run([Ljava/lang/String;)V+12
v  ~StubRoutines::call_stub
V  [libjvm.dylib+0x43f6b8]  JavaCalls::call_helper(JavaValue*, methodHandle const&, JavaCallArguments*, Thread*)+0x30c
V  [libjvm.dylib+0x7f1008]  invoke(InstanceKlass*, methodHandle const&, Handle, bool, objArrayHandle, BasicType, objArrayHandle, bool, Thread*)+0x914
V  [libjvm.dylib+0x7f067c]  Reflection::invoke_method(oopDesc*, Handle, objArrayHandle, Thread*)+0x150
V  [libjvm.dylib+0x4f3b14]  JVM_InvokeMethod+0x358
j  jdk.internal.reflect.NativeMethodAccessorImpl.invoke0(Ljava/lang/reflect/Method;Ljava/lang/Object;[Ljava/lang/Object;)Ljava/lang/Object;+0 java.base@16.0.1
j  jdk.internal.reflect.NativeMethodAccessorImpl.invoke(Ljava/lang/Object;[Ljava/lang/Object;)Ljava/lang/Object;+146 java.base@16.0.1
j  jdk.internal.reflect.DelegatingMethodAccessorImpl.invoke(Ljava/lang/Object;[Ljava/lang/Object;)Ljava/lang/Object;+6 java.base@16.0.1
j  java.lang.reflect.Method.invoke(Ljava/lang/Object;[Ljava/lang/Object;)Ljava/lang/Object;+59 java.base@16.0.1
j  org.gradle.launcher.bootstrap.ProcessBootstrap.runNoExit(Ljava/lang/String;[Ljava/lang/String;)V+161
j  org.gradle.launcher.bootstrap.ProcessBootstrap.run(Ljava/lang/String;[Ljava/lang/String;)V+3
j  org.gradle.launcher.GradleMain.main([Ljava/lang/String;)V+36
v  ~StubRoutines::call_stub
V  [libjvm.dylib+0x43f6b8]  JavaCalls::call_helper(JavaValue*, methodHandle const&, JavaCallArguments*, Thread*)+0x30c
V  [libjvm.dylib+0x7f1008]  invoke(InstanceKlass*, methodHandle const&, Handle, bool, objArrayHandle, BasicType, objArrayHandle, bool, Thread*)+0x914
V  [libjvm.dylib+0x7f067c]  Reflection::invoke_method(oopDesc*, Handle, objArrayHandle, Thread*)+0x150
V  [libjvm.dylib+0x4f3b14]  JVM_InvokeMethod+0x358
j  jdk.internal.reflect.NativeMethodAccessorImpl.invoke0(Ljava/lang/reflect/Method;Ljava/lang/Object;[Ljava/lang/Object;)Ljava/lang/Object;+0 java.base@16.0.1
j  jdk.internal.reflect.NativeMethodAccessorImpl.invoke(Ljava/lang/Object;[Ljava/lang/Object;)Ljava/lang/Object;+146 java.base@16.0.1
j  jdk.internal.reflect.DelegatingMethodAccessorImpl.invoke(Ljava/lang/Object;[Ljava/lang/Object;)Ljava/lang/Object;+6 java.base@16.0.1
j  java.lang.reflect.Method.invoke(Ljava/lang/Object;[Ljava/lang/Object;)Ljava/lang/Object;+59 java.base@16.0.1
j  org.gradle.wrapper.BootstrapMainStarter.start([Ljava/lang/String;Ljava/io/File;)V+82
j  org.gradle.wrapper.WrapperExecutor.execute([Ljava/lang/String;Lorg/gradle/wrapper/Install;Lorg/gradle/wrapper/BootstrapMainStarter;)V+14
j  org.gradle.wrapper.GradleWrapperMain.main([Ljava/lang/String;)V+190
v  ~StubRoutines::call_stub
V  [libjvm.dylib+0x43f6b8]  JavaCalls::call_helper(JavaValue*, methodHandle const&, JavaCallArguments*, Thread*)+0x30c
V  [libjvm.dylib+0x4a10fc]  jni_invoke_static(JNIEnv_*, JavaValue*, _jobject*, JNICallType, _jmethodID*, JNI_ArgumentPusher*, Thread*)+0x120
V  [libjvm.dylib+0x4a4510]  jni_CallStaticVoidMethod+0x120
C  [libjli.dylib+0x5430]  JavaMain+0x9d4
C  [libjli.dylib+0x778c]  ThreadJavaMain+0xc
C  [libsystem_pthread.dylib+0x7878]  _pthread_start+0x140


---------------  P R O C E S S  ---------------

Threads class SMR info:
_java_thread_list=0x0000000147f6d910, length=11, elements={
0x0000000148808200, 0x0000000148811c00, 0x000000014880e400, 0x0000000148812800,
0x00000001498eb600, 0x0000000148835c00, 0x00000001498ebc00, 0x000000014883ac00,
0x0000000140010200, 0x00000001498ed200, 0x000000014883b200
}

Java Threads: ( => current thread )
=>0x0000000148808200 JavaThread "main" [_thread_in_Java, id=9731, stack(0x000000016b760000,0x000000016b963000)]
  0x0000000148811c00 JavaThread "Reference Handler" daemon [_thread_blocked, id=16899, stack(0x000000016c5b4000,0x000000016c7b7000)]
  0x000000014880e400 JavaThread "Finalizer" daemon [_thread_blocked, id=16643, stack(0x000000016c7c0000,0x000000016c9c3000)]
  0x0000000148812800 JavaThread "Signal Dispatcher" daemon [_thread_blocked, id=42755, stack(0x000000016cae4000,0x000000016cce7000)]
  0x00000001498eb600 JavaThread "Service Thread" daemon [_thread_blocked, id=42243, stack(0x000000016ccf0000,0x000000016cef3000)]
  0x0000000148835c00 JavaThread "Monitor Deflation Thread" daemon [_thread_blocked, id=41987, stack(0x000000016cefc000,0x000000016d0ff000)]
  0x00000001498ebc00 JavaThread "C2 CompilerThread0" daemon [_thread_in_native, id=23043, stack(0x000000016d108000,0x000000016d30b000)]
  0x000000014883ac00 JavaThread "C1 CompilerThread0" daemon [_thread_blocked, id=23299, stack(0x000000016d314000,0x000000016d517000)]
  0x0000000140010200 JavaThread "Sweeper thread" daemon [_thread_blocked, id=41475, stack(0x000000016d520000,0x000000016d723000)]
  0x00000001498ed200 JavaThread "Notification Thread" daemon [_thread_blocked, id=23811, stack(0x000000016d72c000,0x000000016d92f000)]
  0x000000014883b200 JavaThread "Common-Cleaner" daemon [_thread_blocked, id=40195, stack(0x000000016db44000,0x000000016dd47000)]

Other Threads:
  0x0000000147f39b80 VMThread "VM Thread" [stack: 0x000000016c3a8000,0x000000016c5ab000] [id=17411]
  0x000000014907d370 WatcherThread [stack: 0x000000016d938000,0x000000016db3b000] [id=40707]
  0x000000014900a740 GCTaskThread "GC Thread#0" [stack: 0x000000016b96c000,0x000000016bb6f000] [id=19971]
  0x0000000147e16060 ConcurrentGCThread "G1 Main Marker" [stack: 0x000000016bb78000,0x000000016bd7b000] [id=12803]
  0x0000000147e16f50 ConcurrentGCThread "G1 Conc#0" [stack: 0x000000016bd84000,0x000000016bf87000] [id=13571]
  0x0000000149026490 ConcurrentGCThread "G1 Refine#0" [stack: 0x000000016bf90000,0x000000016c193000] [id=19203]
  0x0000000149027350 ConcurrentGCThread "G1 Service" [stack: 0x000000016c19c000,0x000000016c39f000] [id=18691]

Threads with active compile tasks:
C2 CompilerThread0      471  801       4       java.util.jar.JarFile::getEntry (35 bytes)

VM state: not at safepoint (normal execution)

VM Mutex/Monitor currently owned by a thread: None

Heap address: 0x00000006c0000000, size: 4096 MB, Compressed Oops mode: Zero based, Oop shift amount: 3

Compressed class space mapped at: 0x0000000300000000-0x0000000340000000, reserved size: 1073741824
Narrow klass base: 0x0000000000000000, Narrow klass shift: 3, Narrow klass range: 0x340000000

GC Precious Log:
 CPUs: 8 total, 8 available
 Memory: 16384M
 Large Page Support: Disabled
 NUMA Support: Disabled
 Compressed Oops: Enabled (Zero based)
 Heap Region Size: 2M
 Heap Min Capacity: 8M
 Heap Initial Capacity: 256M
 Heap Max Capacity: 4G
 Pre-touch: Disabled
 Parallel Workers: 8
 Concurrent Workers: 2
 Concurrent Refinement Workers: 8
 Periodic GC: Disabled

Heap:
 garbage-first heap   total 262144K, used 26624K [0x00000006c0000000, 0x00000007c0000000)
  region size 2048K, 10 young (20480K), 0 survivors (0K)
 Metaspace       used 10131K, committed 10432K, reserved 1064960K
  class space    used 1004K, committed 1152K, reserved 1048576K

Heap Regions: E=young(eden), S=young(survivor), O=old, HS=humongous(starts), HC=humongous(continues), CS=collection set, F=free, OA=open archive, CA=closed archive, TAMS=top-at-mark-start (previous, next)
|   0|0x00000006c0000000, 0x00000006c0200000, 0x00000006c0200000|100%|HS|  |TAMS 0x00000006c0000000, 0x00000006c0000000| Complete 
|   1|0x00000006c0200000, 0x00000006c0400000, 0x00000006c0400000|100%|HC|  |TAMS 0x00000006c0200000, 0x00000006c0200000| Complete 
|   2|0x00000006c0400000, 0x00000006c0600000, 0x00000006c0600000|100%|HS|  |TAMS 0x00000006c0400000, 0x00000006c0400000| Complete 
|   3|0x00000006c0600000, 0x00000006c0800000, 0x00000006c0800000|100%|HC|  |TAMS 0x00000006c0600000, 0x00000006c0600000| Complete 
|   4|0x00000006c0800000, 0x00000006c0800000, 0x00000006c0a00000|  0%| F|  |TAMS 0x00000006c0800000, 0x00000006c0800000| Untracked 
|   5|0x00000006c0a00000, 0x00000006c0a00000, 0x00000006c0c00000|  0%| F|  |TAMS 0x00000006c0a00000, 0x00000006c0a00000| Untracked 
|   6|0x00000006c0c00000, 0x00000006c0c00000, 0x00000006c0e00000|  0%| F|  |TAMS 0x00000006c0c00000, 0x00000006c0c00000| Untracked 
|   7|0x00000006c0e00000, 0x00000006c0e00000, 0x00000006c1000000|  0%| F|  |TAMS 0x00000006c0e00000, 0x00000006c0e00000| Untracked 
|   8|0x00000006c1000000, 0x00000006c1000000, 0x00000006c1200000|  0%| F|  |TAMS 0x00000006c1000000, 0x00000006c1000000| Untracked 
|   9|0x00000006c1200000, 0x00000006c1200000, 0x00000006c1400000|  0%| F|  |TAMS 0x00000006c1200000, 0x00000006c1200000| Untracked 
|  10|0x00000006c1400000, 0x00000006c1400000, 0x00000006c1600000|  0%| F|  |TAMS 0x00000006c1400000, 0x00000006c1400000| Untracked 
|  11|0x00000006c1600000, 0x00000006c1600000, 0x00000006c1800000|  0%| F|  |TAMS 0x00000006c1600000, 0x00000006c1600000| Untracked 
|  12|0x00000006c1800000, 0x00000006c1800000, 0x00000006c1a00000|  0%| F|  |TAMS 0x00000006c1800000, 0x00000006c1800000| Untracked 
|  13|0x00000006c1a00000, 0x00000006c1a00000, 0x00000006c1c00000|  0%| F|  |TAMS 0x00000006c1a00000, 0x00000006c1a00000| Untracked 
|  14|0x00000006c1c00000, 0x00000006c1c00000, 0x00000006c1e00000|  0%| F|  |TAMS 0x00000006c1c00000, 0x00000006c1c00000| Untracked 
|  15|0x00000006c1e00000, 0x00000006c1e00000, 0x00000006c2000000|  0%| F|  |TAMS 0x00000006c1e00000, 0x00000006c1e00000| Untracked 
|  16|0x00000006c2000000, 0x00000006c2000000, 0x00000006c2200000|  0%| F|  |TAMS 0x00000006c2000000, 0x00000006c2000000| Untracked 
|  17|0x00000006c2200000, 0x00000006c2200000, 0x00000006c2400000|  0%| F|  |TAMS 0x00000006c2200000, 0x00000006c2200000| Untracked 
|  18|0x00000006c2400000, 0x00000006c2400000, 0x00000006c2600000|  0%| F|  |TAMS 0x00000006c2400000, 0x00000006c2400000| Untracked 
|  19|0x00000006c2600000, 0x00000006c2600000, 0x00000006c2800000|  0%| F|  |TAMS 0x00000006c2600000, 0x00000006c2600000| Untracked 
|  20|0x00000006c2800000, 0x00000006c2800000, 0x00000006c2a00000|  0%| F|  |TAMS 0x00000006c2800000, 0x00000006c2800000| Untracked 
|  21|0x00000006c2a00000, 0x00000006c2a00000, 0x00000006c2c00000|  0%| F|  |TAMS 0x00000006c2a00000, 0x00000006c2a00000| Untracked 
|  22|0x00000006c2c00000, 0x00000006c2c00000, 0x00000006c2e00000|  0%| F|  |TAMS 0x00000006c2c00000, 0x00000006c2c00000| Untracked 
|  23|0x00000006c2e00000, 0x00000006c2e00000, 0x00000006c3000000|  0%| F|  |TAMS 0x00000006c2e00000, 0x00000006c2e00000| Untracked 
|  24|0x00000006c3000000, 0x00000006c3000000, 0x00000006c3200000|  0%| F|  |TAMS 0x00000006c3000000, 0x00000006c3000000| Untracked 
|  25|0x00000006c3200000, 0x00000006c3200000, 0x00000006c3400000|  0%| F|  |TAMS 0x00000006c3200000, 0x00000006c3200000| Untracked 
|  26|0x00000006c3400000, 0x00000006c3400000, 0x00000006c3600000|  0%| F|  |TAMS 0x00000006c3400000, 0x00000006c3400000| Untracked 
|  27|0x00000006c3600000, 0x00000006c3600000, 0x00000006c3800000|  0%| F|  |TAMS 0x00000006c3600000, 0x00000006c3600000| Untracked 
|  28|0x00000006c3800000, 0x00000006c3800000, 0x00000006c3a00000|  0%| F|  |TAMS 0x00000006c3800000, 0x00000006c3800000| Untracked 
|  29|0x00000006c3a00000, 0x00000006c3a00000, 0x00000006c3c00000|  0%| F|  |TAMS 0x00000006c3a00000, 0x00000006c3a00000| Untracked 
|  30|0x00000006c3c00000, 0x00000006c3c00000, 0x00000006c3e00000|  0%| F|  |TAMS 0x00000006c3c00000, 0x00000006c3c00000| Untracked 
|  31|0x00000006c3e00000, 0x00000006c3e00000, 0x00000006c4000000|  0%| F|  |TAMS 0x00000006c3e00000, 0x00000006c3e00000| Untracked 
|  32|0x00000006c4000000, 0x00000006c4000000, 0x00000006c4200000|  0%| F|  |TAMS 0x00000006c4000000, 0x00000006c4000000| Untracked 
|  33|0x00000006c4200000, 0x00000006c4200000, 0x00000006c4400000|  0%| F|  |TAMS 0x00000006c4200000, 0x00000006c4200000| Untracked 
|  34|0x00000006c4400000, 0x00000006c4400000, 0x00000006c4600000|  0%| F|  |TAMS 0x00000006c4400000, 0x00000006c4400000| Untracked 
|  35|0x00000006c4600000, 0x00000006c4600000, 0x00000006c4800000|  0%| F|  |TAMS 0x00000006c4600000, 0x00000006c4600000| Untracked 
|  36|0x00000006c4800000, 0x00000006c4800000, 0x00000006c4a00000|  0%| F|  |TAMS 0x00000006c4800000, 0x00000006c4800000| Untracked 
|  37|0x00000006c4a00000, 0x00000006c4a00000, 0x00000006c4c00000|  0%| F|  |TAMS 0x00000006c4a00000, 0x00000006c4a00000| Untracked 
|  38|0x00000006c4c00000, 0x00000006c4c00000, 0x00000006c4e00000|  0%| F|  |TAMS 0x00000006c4c00000, 0x00000006c4c00000| Untracked 
|  39|0x00000006c4e00000, 0x00000006c4e00000, 0x00000006c5000000|  0%| F|  |TAMS 0x00000006c4e00000, 0x00000006c4e00000| Untracked 
|  40|0x00000006c5000000, 0x00000006c5000000, 0x00000006c5200000|  0%| F|  |TAMS 0x00000006c5000000, 0x00000006c5000000| Untracked 
|  41|0x00000006c5200000, 0x00000006c5200000, 0x00000006c5400000|  0%| F|  |TAMS 0x00000006c5200000, 0x00000006c5200000| Untracked 
|  42|0x00000006c5400000, 0x00000006c5400000, 0x00000006c5600000|  0%| F|  |TAMS 0x00000006c5400000, 0x00000006c5400000| Untracked 
|  43|0x00000006c5600000, 0x00000006c5600000, 0x00000006c5800000|  0%| F|  |TAMS 0x00000006c5600000, 0x00000006c5600000| Untracked 
|  44|0x00000006c5800000, 0x00000006c5800000, 0x00000006c5a00000|  0%| F|  |TAMS 0x00000006c5800000, 0x00000006c5800000| Untracked 
|  45|0x00000006c5a00000, 0x00000006c5a00000, 0x00000006c5c00000|  0%| F|  |TAMS 0x00000006c5a00000, 0x00000006c5a00000| Untracked 
|  46|0x00000006c5c00000, 0x00000006c5c00000, 0x00000006c5e00000|  0%| F|  |TAMS 0x00000006c5c00000, 0x00000006c5c00000| Untracked 
|  47|0x00000006c5e00000, 0x00000006c5e00000, 0x00000006c6000000|  0%| F|  |TAMS 0x00000006c5e00000, 0x00000006c5e00000| Untracked 
|  48|0x00000006c6000000, 0x00000006c6000000, 0x00000006c6200000|  0%| F|  |TAMS 0x00000006c6000000, 0x00000006c6000000| Untracked 
|  49|0x00000006c6200000, 0x00000006c6200000, 0x00000006c6400000|  0%| F|  |TAMS 0x00000006c6200000, 0x00000006c6200000| Untracked 
|  50|0x00000006c6400000, 0x00000006c6400000, 0x00000006c6600000|  0%| F|  |TAMS 0x00000006c6400000, 0x00000006c6400000| Untracked 
|  51|0x00000006c6600000, 0x00000006c6600000, 0x00000006c6800000|  0%| F|  |TAMS 0x00000006c6600000, 0x00000006c6600000| Untracked 
|  52|0x00000006c6800000, 0x00000006c6800000, 0x00000006c6a00000|  0%| F|  |TAMS 0x00000006c6800000, 0x00000006c6800000| Untracked 
|  53|0x00000006c6a00000, 0x00000006c6a00000, 0x00000006c6c00000|  0%| F|  |TAMS 0x00000006c6a00000, 0x00000006c6a00000| Untracked 
|  54|0x00000006c6c00000, 0x00000006c6c00000, 0x00000006c6e00000|  0%| F|  |TAMS 0x00000006c6c00000, 0x00000006c6c00000| Untracked 
|  55|0x00000006c6e00000, 0x00000006c6e00000, 0x00000006c7000000|  0%| F|  |TAMS 0x00000006c6e00000, 0x00000006c6e00000| Untracked 
|  56|0x00000006c7000000, 0x00000006c7000000, 0x00000006c7200000|  0%| F|  |TAMS 0x00000006c7000000, 0x00000006c7000000| Untracked 
|  57|0x00000006c7200000, 0x00000006c7200000, 0x00000006c7400000|  0%| F|  |TAMS 0x00000006c7200000, 0x00000006c7200000| Untracked 
|  58|0x00000006c7400000, 0x00000006c7400000, 0x00000006c7600000|  0%| F|  |TAMS 0x00000006c7400000, 0x00000006c7400000| Untracked 
|  59|0x00000006c7600000, 0x00000006c7600000, 0x00000006c7800000|  0%| F|  |TAMS 0x00000006c7600000, 0x00000006c7600000| Untracked 
|  60|0x00000006c7800000, 0x00000006c7800000, 0x00000006c7a00000|  0%| F|  |TAMS 0x00000006c7800000, 0x00000006c7800000| Untracked 
|  61|0x00000006c7a00000, 0x00000006c7a00000, 0x00000006c7c00000|  0%| F|  |TAMS 0x00000006c7a00000, 0x00000006c7a00000| Untracked 
|  62|0x00000006c7c00000, 0x00000006c7c00000, 0x00000006c7e00000|  0%| F|  |TAMS 0x00000006c7c00000, 0x00000006c7c00000| Untracked 
|  63|0x00000006c7e00000, 0x00000006c7e00000, 0x00000006c8000000|  0%| F|  |TAMS 0x00000006c7e00000, 0x00000006c7e00000| Untracked 
|  64|0x00000006c8000000, 0x00000006c8000000, 0x00000006c8200000|  0%| F|  |TAMS 0x00000006c8000000, 0x00000006c8000000| Untracked 
|  65|0x00000006c8200000, 0x00000006c8200000, 0x00000006c8400000|  0%| F|  |TAMS 0x00000006c8200000, 0x00000006c8200000| Untracked 
|  66|0x00000006c8400000, 0x00000006c8400000, 0x00000006c8600000|  0%| F|  |TAMS 0x00000006c8400000, 0x00000006c8400000| Untracked 
|  67|0x00000006c8600000, 0x00000006c8600000, 0x00000006c8800000|  0%| F|  |TAMS 0x00000006c8600000, 0x00000006c8600000| Untracked 
|  68|0x00000006c8800000, 0x00000006c8800000, 0x00000006c8a00000|  0%| F|  |TAMS 0x00000006c8800000, 0x00000006c8800000| Untracked 
|  69|0x00000006c8a00000, 0x00000006c8a00000, 0x00000006c8c00000|  0%| F|  |TAMS 0x00000006c8a00000, 0x00000006c8a00000| Untracked 
|  70|0x00000006c8c00000, 0x00000006c8c00000, 0x00000006c8e00000|  0%| F|  |TAMS 0x00000006c8c00000, 0x00000006c8c00000| Untracked 
|  71|0x00000006c8e00000, 0x00000006c8e00000, 0x00000006c9000000|  0%| F|  |TAMS 0x00000006c8e00000, 0x00000006c8e00000| Untracked 
|  72|0x00000006c9000000, 0x00000006c9000000, 0x00000006c9200000|  0%| F|  |TAMS 0x00000006c9000000, 0x00000006c9000000| Untracked 
|  73|0x00000006c9200000, 0x00000006c9200000, 0x00000006c9400000|  0%| F|  |TAMS 0x00000006c9200000, 0x00000006c9200000| Untracked 
|  74|0x00000006c9400000, 0x00000006c9400000, 0x00000006c9600000|  0%| F|  |TAMS 0x00000006c9400000, 0x00000006c9400000| Untracked 
|  75|0x00000006c9600000, 0x00000006c9600000, 0x00000006c9800000|  0%| F|  |TAMS 0x00000006c9600000, 0x00000006c9600000| Untracked 
|  76|0x00000006c9800000, 0x00000006c9800000, 0x00000006c9a00000|  0%| F|  |TAMS 0x00000006c9800000, 0x00000006c9800000| Untracked 
|  77|0x00000006c9a00000, 0x00000006c9a00000, 0x00000006c9c00000|  0%| F|  |TAMS 0x00000006c9a00000, 0x00000006c9a00000| Untracked 
|  78|0x00000006c9c00000, 0x00000006c9c00000, 0x00000006c9e00000|  0%| F|  |TAMS 0x00000006c9c00000, 0x00000006c9c00000| Untracked 
|  79|0x00000006c9e00000, 0x00000006c9e00000, 0x00000006ca000000|  0%| F|  |TAMS 0x00000006c9e00000, 0x00000006c9e00000| Untracked 
|  80|0x00000006ca000000, 0x00000006ca000000, 0x00000006ca200000|  0%| F|  |TAMS 0x00000006ca000000, 0x00000006ca000000| Untracked 
|  81|0x00000006ca200000, 0x00000006ca200000, 0x00000006ca400000|  0%| F|  |TAMS 0x00000006ca200000, 0x00000006ca200000| Untracked 
|  82|0x00000006ca400000, 0x00000006ca400000, 0x00000006ca600000|  0%| F|  |TAMS 0x00000006ca400000, 0x00000006ca400000| Untracked 
|  83|0x00000006ca600000, 0x00000006ca600000, 0x00000006ca800000|  0%| F|  |TAMS 0x00000006ca600000, 0x00000006ca600000| Untracked 
|  84|0x00000006ca800000, 0x00000006ca800000, 0x00000006caa00000|  0%| F|  |TAMS 0x00000006ca800000, 0x00000006ca800000| Untracked 
|  85|0x00000006caa00000, 0x00000006caa00000, 0x00000006cac00000|  0%| F|  |TAMS 0x00000006caa00000, 0x00000006caa00000| Untracked 
|  86|0x00000006cac00000, 0x00000006cac00000, 0x00000006cae00000|  0%| F|  |TAMS 0x00000006cac00000, 0x00000006cac00000| Untracked 
|  87|0x00000006cae00000, 0x00000006cae00000, 0x00000006cb000000|  0%| F|  |TAMS 0x00000006cae00000, 0x00000006cae00000| Untracked 
|  88|0x00000006cb000000, 0x00000006cb000000, 0x00000006cb200000|  0%| F|  |TAMS 0x00000006cb000000, 0x00000006cb000000| Untracked 
|  89|0x00000006cb200000, 0x00000006cb200000, 0x00000006cb400000|  0%| F|  |TAMS 0x00000006cb200000, 0x00000006cb200000| Untracked 
|  90|0x00000006cb400000, 0x00000006cb400000, 0x00000006cb600000|  0%| F|  |TAMS 0x00000006cb400000, 0x00000006cb400000| Untracked 
|  91|0x00000006cb600000, 0x00000006cb600000, 0x00000006cb800000|  0%| F|  |TAMS 0x00000006cb600000, 0x00000006cb600000| Untracked 
|  92|0x00000006cb800000, 0x00000006cb800000, 0x00000006cba00000|  0%| F|  |TAMS 0x00000006cb800000, 0x00000006cb800000| Untracked 
|  93|0x00000006cba00000, 0x00000006cba00000, 0x00000006cbc00000|  0%| F|  |TAMS 0x00000006cba00000, 0x00000006cba00000| Untracked 
|  94|0x00000006cbc00000, 0x00000006cbc00000, 0x00000006cbe00000|  0%| F|  |TAMS 0x00000006cbc00000, 0x00000006cbc00000| Untracked 
|  95|0x00000006cbe00000, 0x00000006cbe00000, 0x00000006cc000000|  0%| F|  |TAMS 0x00000006cbe00000, 0x00000006cbe00000| Untracked 
|  96|0x00000006cc000000, 0x00000006cc000000, 0x00000006cc200000|  0%| F|  |TAMS 0x00000006cc000000, 0x00000006cc000000| Untracked 
|  97|0x00000006cc200000, 0x00000006cc200000, 0x00000006cc400000|  0%| F|  |TAMS 0x00000006cc200000, 0x00000006cc200000| Untracked 
|  98|0x00000006cc400000, 0x00000006cc400000, 0x00000006cc600000|  0%| F|  |TAMS 0x00000006cc400000, 0x00000006cc400000| Untracked 
|  99|0x00000006cc600000, 0x00000006cc600000, 0x00000006cc800000|  0%| F|  |TAMS 0x00000006cc600000, 0x00000006cc600000| Untracked 
| 100|0x00000006cc800000, 0x00000006cc800000, 0x00000006cca00000|  0%| F|  |TAMS 0x00000006cc800000, 0x00000006cc800000| Untracked 
| 101|0x00000006cca00000, 0x00000006cca00000, 0x00000006ccc00000|  0%| F|  |TAMS 0x00000006cca00000, 0x00000006cca00000| Untracked 
| 102|0x00000006ccc00000, 0x00000006ccc00000, 0x00000006cce00000|  0%| F|  |TAMS 0x00000006ccc00000, 0x00000006ccc00000| Untracked 
| 103|0x00000006cce00000, 0x00000006cce00000, 0x00000006cd000000|  0%| F|  |TAMS 0x00000006cce00000, 0x00000006cce00000| Untracked 
| 104|0x00000006cd000000, 0x00000006cd000000, 0x00000006cd200000|  0%| F|  |TAMS 0x00000006cd000000, 0x00000006cd000000| Untracked 
| 105|0x00000006cd200000, 0x00000006cd200000, 0x00000006cd400000|  0%| F|  |TAMS 0x00000006cd200000, 0x00000006cd200000| Untracked 
| 106|0x00000006cd400000, 0x00000006cd400000, 0x00000006cd600000|  0%| F|  |TAMS 0x00000006cd400000, 0x00000006cd400000| Untracked 
| 107|0x00000006cd600000, 0x00000006cd600000, 0x00000006cd800000|  0%| F|  |TAMS 0x00000006cd600000, 0x00000006cd600000| Untracked 
| 108|0x00000006cd800000, 0x00000006cd800000, 0x00000006cda00000|  0%| F|  |TAMS 0x00000006cd800000, 0x00000006cd800000| Untracked 
| 109|0x00000006cda00000, 0x00000006cda00000, 0x00000006cdc00000|  0%| F|  |TAMS 0x00000006cda00000, 0x00000006cda00000| Untracked 
| 110|0x00000006cdc00000, 0x00000006cdc00000, 0x00000006cde00000|  0%| F|  |TAMS 0x00000006cdc00000, 0x00000006cdc00000| Untracked 
| 111|0x00000006cde00000, 0x00000006cde00000, 0x00000006ce000000|  0%| F|  |TAMS 0x00000006cde00000, 0x00000006cde00000| Untracked 
| 112|0x00000006ce000000, 0x00000006ce000000, 0x00000006ce200000|  0%| F|  |TAMS 0x00000006ce000000, 0x00000006ce000000| Untracked 
| 113|0x00000006ce200000, 0x00000006ce200000, 0x00000006ce400000|  0%| F|  |TAMS 0x00000006ce200000, 0x00000006ce200000| Untracked 
| 114|0x00000006ce400000, 0x00000006ce400000, 0x00000006ce600000|  0%| F|  |TAMS 0x00000006ce400000, 0x00000006ce400000| Untracked 
| 115|0x00000006ce600000, 0x00000006ce600000, 0x00000006ce800000|  0%| F|  |TAMS 0x00000006ce600000, 0x00000006ce600000| Untracked 
| 116|0x00000006ce800000, 0x00000006ce800000, 0x00000006cea00000|  0%| F|  |TAMS 0x00000006ce800000, 0x00000006ce800000| Untracked 
| 117|0x00000006cea00000, 0x00000006cea00000, 0x00000006cec00000|  0%| F|  |TAMS 0x00000006cea00000, 0x00000006cea00000| Untracked 
| 118|0x00000006cec00000, 0x00000006cec713e8, 0x00000006cee00000| 22%| E|  |TAMS 0x00000006cec00000, 0x00000006cec00000| Complete 
| 119|0x00000006cee00000, 0x00000006cf000000, 0x00000006cf000000|100%| E|CS|TAMS 0x00000006cee00000, 0x00000006cee00000| Complete 
| 120|0x00000006cf000000, 0x00000006cf200000, 0x00000006cf200000|100%| E|CS|TAMS 0x00000006cf000000, 0x00000006cf000000| Complete 
| 121|0x00000006cf200000, 0x00000006cf400000, 0x00000006cf400000|100%| E|CS|TAMS 0x00000006cf200000, 0x00000006cf200000| Complete 
| 122|0x00000006cf400000, 0x00000006cf600000, 0x00000006cf600000|100%| E|CS|TAMS 0x00000006cf400000, 0x00000006cf400000| Complete 
| 123|0x00000006cf600000, 0x00000006cf800000, 0x00000006cf800000|100%| E|CS|TAMS 0x00000006cf600000, 0x00000006cf600000| Complete 
| 124|0x00000006cf800000, 0x00000006cfa00000, 0x00000006cfa00000|100%| E|CS|TAMS 0x00000006cf800000, 0x00000006cf800000| Complete 
| 125|0x00000006cfa00000, 0x00000006cfc00000, 0x00000006cfc00000|100%| E|CS|TAMS 0x00000006cfa00000, 0x00000006cfa00000| Complete 
| 126|0x00000006cfc00000, 0x00000006cfe00000, 0x00000006cfe00000|100%| E|CS|TAMS 0x00000006cfc00000, 0x00000006cfc00000| Complete 
| 127|0x00000006cfe00000, 0x00000006d0000000, 0x00000006d0000000|100%| E|CS|TAMS 0x00000006cfe00000, 0x00000006cfe00000| Complete 

Card table byte_map: [0x0000000121f6c000,0x000000012276c000] _byte_map_base: 0x000000011e96c000

Marking Bits (Prev, Next): (CMBitMap*) 0x000000014800d010, (CMBitMap*) 0x000000014800d050
 Prev Bits: [0x0000000122f6c000, 0x0000000126f6c000)
 Next Bits: [0x0000000130000000, 0x0000000134000000)

Polling page: 0x00000001047bc000

Metaspace:

Usage:
  Non-class:      8.91 MB used.
      Class:   1004.38 KB used.
       Both:      9.89 MB used.

Virtual space:
  Non-class space:       16.00 MB reserved,       9.06 MB ( 57%) committed,  2 nodes.
      Class space:        1.00 GB reserved,       1.12 MB ( <1%) committed,  1 nodes.
              Both:        1.02 GB reserved,      10.19 MB ( <1%) committed. 

Chunk freelists:
   Non-Class:  2.48 MB
       Class:  2.73 MB
        Both:  5.22 MB

MaxMetaspaceSize: 17179869184.00 GB
CompressedClassSpaceSize: 1.00 GB
 - commit_granule_bytes: 65536.
 - commit_granule_words: 8192.
 - virtual_space_node_default_size: 1048576.
 - enlarge_chunks_in_place: 1.
 - new_chunks_are_fully_committed: 0.
 - uncommit_free_chunks: 1.
 - use_allocation_guard: 0.
 - handle_deallocations: 1.


Internal statistics:

num_allocs_failed_limit: 0.
num_arena_births: 94.
num_arena_deaths: 0.
num_vsnodes_births: 3.
num_vsnodes_deaths: 0.
num_space_committed: 163.
num_space_uncommitted: 0.
num_chunks_returned_to_freelist: 0.
num_chunks_taken_from_freelist: 187.
num_chunk_merges: 0.
num_chunk_splits: 111.
num_chunks_enlarged: 86.
num_purges: 0.

CodeHeap 'non-profiled nmethods': size=120032Kb used=248Kb max_used=248Kb free=119783Kb
 bounds [0x000000011a234000, 0x000000011a4a4000, 0x000000012176c000]
CodeHeap 'profiled nmethods': size=120016Kb used=1563Kb max_used=1563Kb free=118452Kb
 bounds [0x0000000112d00000, 0x0000000112f70000, 0x000000011a234000]
CodeHeap 'non-nmethods': size=5712Kb used=1078Kb max_used=1116Kb free=4634Kb
 bounds [0x000000011276c000, 0x00000001129dc000, 0x0000000112d00000]
 total_blobs=1169 nmethods=790 adapters=296
 compilation: enabled
              stopped_count=0, restarted_count=0
 full_count=0

Compilation events (20 events):
Event: 0.458 Thread 0x000000014883ac00 nmethod 788 0x0000000112e7b810 code [0x0000000112e7ba00, 0x0000000112e7be88]
Event: 0.458 Thread 0x000000014883ac00  791       3       jdk.internal.loader.URLClassPath$JarLoader$2::getCodeSourceURL (8 bytes)
Event: 0.458 Thread 0x00000001498ebc00 nmethod 768 0x000000011a26d890 code [0x000000011a26da80, 0x000000011a26de30]
Event: 0.458 Thread 0x000000014883ac00 nmethod 791 0x0000000112e7c010 code [0x0000000112e7c1c0, 0x0000000112e7c328]
Event: 0.458 Thread 0x00000001498ebc00  790       4       java.nio.Buffer::scope (17 bytes)
Event: 0.458 Thread 0x000000014883ac00  792       3       jdk.internal.loader.URLClassPath$JarLoader$2::getManifest (26 bytes)
Event: 0.459 Thread 0x00000001498ebc00 nmethod 790 0x000000011a26e110 code [0x000000011a26e280, 0x000000011a26e330]
Event: 0.459 Thread 0x00000001498ebc00  787   !   4       jdk.internal.misc.ScopedMemoryAccess::getByte (20 bytes)
Event: 0.459 Thread 0x000000014883ac00 nmethod 792 0x0000000112e7c410 code [0x0000000112e7c680, 0x0000000112e7ce18]
Event: 0.459 Thread 0x000000014883ac00  789       3       java.util.Optional::empty (6 bytes)
Event: 0.459 Thread 0x000000014883ac00 nmethod 789 0x0000000112e7d190 code [0x0000000112e7d340, 0x0000000112e7d428]
Event: 0.459 Thread 0x000000014883ac00  793       3       java.util.jar.JavaUtilJarAccessImpl::ensureInitialization (5 bytes)
Event: 0.459 Thread 0x000000014883ac00 nmethod 793 0x0000000112e7d510 code [0x0000000112e7d6c0, 0x0000000112e7d8d8]
Event: 0.459 Thread 0x000000014883ac00  794  s!   3       java.util.jar.JarFile::ensureInitialization (74 bytes)
Event: 0.459 Thread 0x000000014883ac00 nmethod 794 0x0000000112e7d990 code [0x0000000112e7dbc0, 0x0000000112e7e2c8]
Event: 0.459 Thread 0x000000014883ac00  795       3       java.lang.ClassLoader::postDefineClass (39 bytes)
Event: 0.459 Thread 0x00000001498ebc00 nmethod 787 0x000000011a26e410 code [0x000000011a26e5c0, 0x000000011a26e6d0]
Event: 0.459 Thread 0x00000001498ebc00  778       4       java.lang.String::toString (2 bytes)
Event: 0.459 Thread 0x00000001498ebc00 nmethod 778 0x000000011a26e810 code [0x000000011a26e980, 0x000000011a26ea20]
Event: 0.459 Thread 0x00000001498ebc00  801       4       java.util.jar.JarFile::getEntry (35 bytes)

GC Heap History (0 events):
No events

Deoptimization events (20 events):
Event: 0.450 Thread 0x0000000148808200 Uncommon trap: trap_request=0xffffffde fr.pc=0x000000011a250a34 relative=0x00000000000003b4
Event: 0.450 Thread 0x0000000148808200 Uncommon trap: reason=class_check action=maybe_recompile pc=0x000000011a250a34 method=java.util.regex.Matcher.match(II)Z @ 121 c2
Event: 0.450 Thread 0x0000000148808200 DEOPT PACKING pc=0x000000011a250a34 sp=0x000000016b961680
Event: 0.450 Thread 0x0000000148808200 DEOPT UNPACKING pc=0x00000001127a5d9c sp=0x000000016b961620 mode 2
Event: 0.450 Thread 0x0000000148808200 Uncommon trap: trap_request=0xffffffde fr.pc=0x000000011a250a34 relative=0x00000000000003b4
Event: 0.450 Thread 0x0000000148808200 Uncommon trap: reason=class_check action=maybe_recompile pc=0x000000011a250a34 method=java.util.regex.Matcher.match(II)Z @ 121 c2
Event: 0.450 Thread 0x0000000148808200 DEOPT PACKING pc=0x000000011a250a34 sp=0x000000016b961680
Event: 0.450 Thread 0x0000000148808200 DEOPT UNPACKING pc=0x00000001127a5d9c sp=0x000000016b961620 mode 2
Event: 0.451 Thread 0x0000000148808200 Uncommon trap: trap_request=0xffffffde fr.pc=0x000000011a250a34 relative=0x00000000000003b4
Event: 0.451 Thread 0x0000000148808200 Uncommon trap: reason=class_check action=maybe_recompile pc=0x000000011a250a34 method=java.util.regex.Matcher.match(II)Z @ 121 c2
Event: 0.451 Thread 0x0000000148808200 DEOPT PACKING pc=0x000000011a250a34 sp=0x000000016b9614f0
Event: 0.451 Thread 0x0000000148808200 DEOPT UNPACKING pc=0x00000001127a5d9c sp=0x000000016b961490 mode 2
Event: 0.451 Thread 0x0000000148808200 Uncommon trap: trap_request=0xffffffde fr.pc=0x000000011a250a34 relative=0x00000000000003b4
Event: 0.451 Thread 0x0000000148808200 Uncommon trap: reason=class_check action=maybe_recompile pc=0x000000011a250a34 method=java.util.regex.Matcher.match(II)Z @ 121 c2
Event: 0.451 Thread 0x0000000148808200 DEOPT PACKING pc=0x000000011a250a34 sp=0x000000016b9614f0
Event: 0.451 Thread 0x0000000148808200 DEOPT UNPACKING pc=0x00000001127a5d9c sp=0x000000016b961490 mode 2
Event: 0.458 Thread 0x0000000148808200 DEOPT PACKING pc=0x0000000112d5be00 sp=0x000000016b9602b0
Event: 0.458 Thread 0x0000000148808200 DEOPT UNPACKING pc=0x00000001127a5bfc sp=0x000000016b9600d0 mode 3
Event: 0.458 Thread 0x0000000148808200 DEOPT PACKING pc=0x0000000112da798c sp=0x000000016b960960
Event: 0.458 Thread 0x0000000148808200 DEOPT UNPACKING pc=0x00000001127a5bfc sp=0x000000016b960790 mode 3

Classes unloaded (0 events):
No events

Classes redefined (0 events):
No events

Internal exceptions (20 events):
Event: 0.259 Thread 0x0000000148808200 Exception <a 'java/lang/NoSuchMethodError'{0x00000006cfc02590}: 'java.lang.Object java.lang.invoke.DirectMethodHandle$Holder.getReference(java.lang.Object, java.lang.Object)'> (0x00000006cfc02590) 
thrown [src/hotspot/share/interpreter/linkResolver.cpp, line 790]
Event: 0.260 Thread 0x0000000148808200 Exception <a 'java/lang/NoSuchMethodError'{0x00000006cfc06820}: 'java.lang.Object java.lang.invoke.LambdaForm$Holder.identity_L(java.lang.Object, java.lang.Object)'> (0x00000006cfc06820) 
thrown [src/hotspot/share/interpreter/linkResolver.cpp, line 790]
Event: 0.260 Thread 0x0000000148808200 Exception <a 'java/lang/NoSuchMethodError'{0x00000006cfc09760}: 'java.lang.Object java.lang.invoke.LambdaForm$Holder.zero_L(java.lang.Object)'> (0x00000006cfc09760) 
thrown [src/hotspot/share/interpreter/linkResolver.cpp, line 790]
Event: 0.262 Thread 0x0000000148808200 Exception <a 'java/lang/NoSuchMethodError'{0x00000006cfc0fec8}: 'java.lang.Object java.lang.invoke.DirectMethodHandle$Holder.invokeSpecial(java.lang.Object, java.lang.Object)'> (0x00000006cfc0fec8) 
thrown [src/hotspot/share/interpreter/linkResolver.cpp, line 790]
Event: 0.262 Thread 0x0000000148808200 Exception <a 'java/lang/NoSuchMethodError'{0x00000006cfc137a8}: 'java.lang.Object java.lang.invoke.Invokers$Holder.linkToTargetMethod(java.lang.Object)'> (0x00000006cfc137a8) 
thrown [src/hotspot/share/interpreter/linkResolver.cpp, line 790]
Event: 0.263 Thread 0x0000000148808200 Exception <a 'java/lang/NoSuchMethodError'{0x00000006cfc1d3d8}: 'java.lang.Object java.lang.invoke.DirectMethodHandle$Holder.newInvokeSpecial(java.lang.Object, java.lang.Object)'> (0x00000006cfc1d3d8) 
thrown [src/hotspot/share/interpreter/linkResolver.cpp, line 790]
Event: 0.263 Thread 0x0000000148808200 Exception <a 'java/lang/NoSuchMethodError'{0x00000006cfc21320}: 'java.lang.Object java.lang.invoke.DirectMethodHandle$Holder.invokeSpecial(java.lang.Object, java.lang.Object, java.lang.Object)'> (0x00000006cfc21320) 
thrown [src/hotspot/share/interpreter/linkResolver.cpp, line 790]
Event: 0.263 Thread 0x0000000148808200 Exception <a 'java/lang/NoSuchMethodError'{0x00000006cfc24ab0}: 'java.lang.Object java.lang.invoke.Invokers$Holder.linkToTargetMethod(java.lang.Object, java.lang.Object)'> (0x00000006cfc24ab0) 
thrown [src/hotspot/share/interpreter/linkResolver.cpp, line 790]
Event: 0.304 Thread 0x0000000148808200 Exception <a 'java/lang/NoSuchMethodError'{0x00000006cfdce248}: 'int java.lang.invoke.DirectMethodHandle$Holder.invokeStatic(java.lang.Object, java.lang.Object)'> (0x00000006cfdce248) 
thrown [src/hotspot/share/interpreter/linkResolver.cpp, line 790]
Event: 0.304 Thread 0x0000000148808200 Exception <a 'java/lang/NoSuchMethodError'{0x00000006cfdd1ba0}: 'int java.lang.invoke.DirectMethodHandle$Holder.invokeStaticInit(java.lang.Object, java.lang.Object)'> (0x00000006cfdd1ba0) 
thrown [src/hotspot/share/interpreter/linkResolver.cpp, line 790]
Event: 0.416 Thread 0x0000000148808200 Exception <a 'java/lang/NoSuchMethodError'{0x00000006cf049138}: 'java.lang.Object java.lang.invoke.DirectMethodHandle$Holder.invokeStatic(java.lang.Object, java.lang.Object)'> (0x00000006cf049138) 
thrown [src/hotspot/share/interpreter/linkResolver.cpp, line 790]
Event: 0.427 Thread 0x0000000148808200 Exception <a 'java/lang/NoSuchMethodError'{0x00000006cf1419c0}: 'java.lang.Object java.lang.invoke.DirectMethodHandle$Holder.invokeStatic(java.lang.Object, java.lang.Object, java.lang.Object, java.lang.Object, java.lang.Object, java.lang.Object)'> (0x00000006cf1419c0) 
thrown [src/hotspot/share/interpreter/linkResolver.cpp, line 790]
Event: 0.427 Thread 0x0000000148808200 Exception <a 'java/lang/NoSuchMethodError'{0x00000006cf1460d0}: 'java.lang.Object java.lang.invoke.DirectMethodHandle$Holder.invokeSpecial(java.lang.Object, java.lang.Object, java.lang.Object, java.lang.Object, java.lang.Object, java.lang.Object, java.lang.Object)'> (0x00000006cf1460d0) 
thrown [src/hotspot/share/interpreter/linkResolver.cpp, line 790]
Event: 0.428 Thread 0x0000000148808200 Exception <a 'java/lang/NoSuchMethodError'{0x00000006cf14a700}: 'java.lang.Object java.lang.invoke.DelegatingMethodHandle$Holder.delegate(java.lang.Object, java.lang.Object, java.lang.Object, java.lang.Object, java.lang.Object, java.lang.Object)'> (0x00000006cf14a700) 
thrown [src/hotspot/share/interpreter/linkResolver.cpp, line 790]
Event: 0.428 Thread 0x0000000148808200 Exception <a 'java/lang/NoSuchMethodError'{0x00000006cf14ebd0}: 'java.lang.Object java.lang.invoke.Invokers$Holder.invokeExact_MT(java.lang.Object, java.lang.Object, java.lang.Object, java.lang.Object, java.lang.Object, java.lang.Object, java.lang.Object)'> (0x00000006cf14ebd0) 
thrown [src/hotspot/share/interpreter/linkResolver.cpp, line 790]
Event: 0.429 Thread 0x0000000148808200 Exception <a 'java/lang/NoSuchMethodError'{0x00000006cf165f28}: 'java.lang.Object java.lang.invoke.DirectMethodHandle$Holder.invokeStatic(java.lang.Object, java.lang.Object, java.lang.Object, java.lang.Object, java.lang.Object)'> (0x00000006cf165f28) 
thrown [src/hotspot/share/interpreter/linkResolver.cpp, line 790]
Event: 0.433 Thread 0x0000000148808200 Exception <a 'java/lang/NoSuchMethodError'{0x00000006cf179bc0}: 'int java.lang.invoke.DirectMethodHandle$Holder.invokeSpecial(java.lang.Object, java.lang.Object)'> (0x00000006cf179bc0) 
thrown [src/hotspot/share/interpreter/linkResolver.cpp, line 790]
Event: 0.433 Thread 0x0000000148808200 Exception <a 'java/lang/NoSuchMethodError'{0x00000006cf17fcd8}: 'java.lang.Object java.lang.invoke.DirectMethodHandle$Holder.newInvokeSpecial(java.lang.Object)'> (0x00000006cf17fcd8) 
thrown [src/hotspot/share/interpreter/linkResolver.cpp, line 790]
Event: 0.452 Thread 0x0000000148808200 Exception <a 'java/lang/NoSuchMethodError'{0x00000006cef9ce38}: 'void java.lang.invoke.DirectMethodHandle$Holder.invokeStatic(java.lang.Object, java.lang.Object)'> (0x00000006cef9ce38) 
thrown [src/hotspot/share/interpreter/linkResolver.cpp, line 790]
Event: 0.459 Thread 0x0000000148808200 Exception <a 'java/lang/NoClassDefFoundError'{0x00000006cec36930}: org/slf4j/impl/StaticMarkerBinder> (0x00000006cec36930) 
thrown [src/hotspot/share/classfile/systemDictionary.cpp, line 245]

Events (20 events):
Event: 0.455 loading class java/lang/reflect/WildcardType
Event: 0.455 loading class java/lang/reflect/WildcardType done
Event: 0.456 loading class java/util/MissingResourceException
Event: 0.456 loading class java/util/MissingResourceException done
Event: 0.456 loading class java/util/logging/ErrorManager
Event: 0.456 loading class java/util/logging/ErrorManager done
Event: 0.457 loading class java/io/StringWriter
Event: 0.457 loading class java/io/StringWriter done
Event: 0.457 loading class java/text/ParseException
Event: 0.458 loading class java/text/ParseException done
Event: 0.458 loading class java/util/regex/Pattern$Curly
Event: 0.458 loading class java/util/regex/Pattern$Curly done
Event: 0.458 loading class java/util/regex/Pattern$Loop
Event: 0.458 loading class java/util/regex/Pattern$Loop done
Event: 0.458 loading class java/util/regex/Pattern$Prolog
Event: 0.458 loading class java/util/regex/Pattern$Prolog done
Event: 0.458 loading class jdk/internal/misc/ScopedMemoryAccess$Scope
Event: 0.458 loading class jdk/internal/misc/ScopedMemoryAccess$Scope done
Event: 0.458 loading class java/net/URLClassLoader$2
Event: 0.458 loading class java/net/URLClassLoader$2 done


Dynamic libraries:
0x000000019f3c1000 	/usr/lib/libz.1.dylib
0x0000000104740000 	/Library/Java/JavaVirtualMachines/zulu-16.jdk/Contents/Home/lib/libjli.dylib
0x00000001a98cb000 	/System/Library/Frameworks/Cocoa.framework/Versions/A/Cocoa
0x000000019780e000 	/System/Library/Frameworks/Security.framework/Versions/A/Security
0x00000001a7c39000 	/System/Library/Frameworks/ApplicationServices.framework/Versions/A/ApplicationServices
0x000000019f467000 	/usr/lib/libSystem.B.dylib
0x000000019f461000 	/usr/lib/system/libcache.dylib
0x000000019f420000 	/usr/lib/system/libcommonCrypto.dylib
0x000000019f44a000 	/usr/lib/system/libcompiler_rt.dylib
0x000000019f441000 	/usr/lib/system/libcopyfile.dylib
0x0000000195784000 	/usr/lib/system/libcorecrypto.dylib
0x0000000195824000 	/usr/lib/system/libdispatch.dylib
0x00000001959dd000 	/usr/lib/system/libdyld.dylib
0x000000019f457000 	/usr/lib/system/libkeymgr.dylib
0x00000001a2888000 	/usr/lib/system/liblaunch.dylib
0x000000019f402000 	/usr/lib/system/libmacho.dylib
0x000000019ec74000 	/usr/lib/system/libquarantine.dylib
0x000000019f454000 	/usr/lib/system/libremovefile.dylib
0x000000019a26a000 	/usr/lib/system/libsystem_asl.dylib
0x0000000195732000 	/usr/lib/system/libsystem_blocks.dylib
0x00000001958a6000 	/usr/lib/system/libsystem_c.dylib
0x000000019f44e000 	/usr/lib/system/libsystem_collections.dylib
0x000000019e2ae000 	/usr/lib/system/libsystem_configuration.dylib
0x000000019d631000 	/usr/lib/system/libsystem_containermanager.dylib
0x000000019f1d7000 	/usr/lib/system/libsystem_coreservices.dylib
0x0000000197de5000 	/usr/lib/system/libsystem_darwin.dylib
0x000000019f458000 	/usr/lib/system/libsystem_dnssd.dylib
0x00000001958a3000 	/usr/lib/system/libsystem_featureflags.dylib
0x0000000195a26000 	/usr/lib/system/libsystem_info.dylib
0x000000019f3d3000 	/usr/lib/system/libsystem_m.dylib
0x00000001957f8000 	/usr/lib/system/libsystem_malloc.dylib
0x000000019a205000 	/usr/lib/system/libsystem_networkextension.dylib
0x0000000198228000 	/usr/lib/system/libsystem_notify.dylib
0x00000001a4d36000 	/usr/lib/system/libsystem_product_info_filter.dylib
0x000000019e2b3000 	/usr/lib/system/libsystem_sandbox.dylib
0x000000019f451000 	/usr/lib/system/libsystem_secinit.dylib
0x000000019599c000 	/usr/lib/system/libsystem_kernel.dylib
0x0000000195a1f000 	/usr/lib/system/libsystem_platform.dylib
0x00000001959d0000 	/usr/lib/system/libsystem_pthread.dylib
0x000000019b7d7000 	/usr/lib/system/libsystem_symptoms.dylib
0x000000019576c000 	/usr/lib/system/libsystem_trace.dylib
0x000000019f42e000 	/usr/lib/system/libunwind.dylib
0x0000000195734000 	/usr/lib/system/libxpc.dylib
0x0000000195984000 	/usr/lib/libc++abi.dylib
0x0000000195869000 	/usr/lib/libobjc.A.dylib
0x000000019f439000 	/usr/lib/liboah.dylib
0x0000000195928000 	/usr/lib/libc++.1.dylib
0x0000000195a52000 	/System/Library/Frameworks/CoreFoundation.framework/Versions/A/CoreFoundation
0x0000000196819000 	/System/Library/Frameworks/Foundation.framework/Versions/C/Foundation
0x0000000198282000 	/System/Library/Frameworks/AppKit.framework/Versions/C/AppKit
0x000000019b0a0000 	/System/Library/Frameworks/CoreData.framework/Versions/A/CoreData
0x0000000198fc2000 	/System/Library/PrivateFrameworks/UIFoundation.framework/Versions/A/UIFoundation
0x00000001a4ac8000 	/System/Library/PrivateFrameworks/RemoteViewServices.framework/Versions/A/RemoteViewServices
0x000000019dce2000 	/System/Library/PrivateFrameworks/XCTTargetBootstrap.framework/Versions/A/XCTTargetBootstrap
0x00000001a0621000 	/usr/lib/libspindump.dylib
0x00000001991e9000 	/System/Library/Frameworks/UniformTypeIdentifiers.framework/Versions/A/UniformTypeIdentifiers
0x000000019c2ca000 	/usr/lib/libapp_launch_measurement.dylib
0x000000019c2cd000 	/System/Library/PrivateFrameworks/CoreAutoLayout.framework/Versions/A/CoreAutoLayout
0x000000019d65f000 	/System/Library/Frameworks/Metal.framework/Versions/A/Metal
0x000000019e2be000 	/usr/lib/liblangid.dylib
0x000000019dce6000 	/System/Library/PrivateFrameworks/CoreSVG.framework/Versions/A/CoreSVG
0x000000019a29c000 	/System/Library/PrivateFrameworks/SkyLight.framework/Versions/A/SkyLight
0x000000019a607000 	/System/Library/Frameworks/CoreGraphics.framework/Versions/A/CoreGraphics
0x00000001a4fe8000 	/System/Library/Frameworks/Accelerate.framework/Versions/A/Accelerate
0x00000001a007b000 	/System/Library/PrivateFrameworks/IconServices.framework/Versions/A/IconServices
0x000000019d643000 	/System/Library/Frameworks/IOSurface.framework/Versions/A/IOSurface
0x000000019b96e000 	/usr/lib/libDiagnosticMessagesClient.dylib
0x000000019dcca000 	/System/Library/PrivateFrameworks/DFRFoundation.framework/Versions/A/DFRFoundation
0x0000000197b73000 	/usr/lib/libicucore.A.dylib
0x00000001a1b72000 	/System/Library/Frameworks/AudioToolbox.framework/Versions/A/AudioToolbox
0x00000001a0d87000 	/System/Library/PrivateFrameworks/DataDetectorsCore.framework/Versions/A/DataDetectorsCore
0x000000019a217000 	/usr/lib/libMobileGestalt.dylib
0x000000019d9bf000 	/System/Library/Frameworks/Carbon.framework/Versions/A/Frameworks/HIToolbox.framework/Versions/A/HIToolbox
0x000000019bd69000 	/System/Library/Frameworks/QuartzCore.framework/Versions/A/QuartzCore
0x00000001a4b00000 	/System/Library/Frameworks/Carbon.framework/Versions/A/Frameworks/SpeechRecognition.framework/Versions/A/SpeechRecognition
0x000000019c068000 	/System/Library/PrivateFrameworks/CoreUI.framework/Versions/A/CoreUI
0x00000001971f3000 	/System/Library/Frameworks/CoreAudio.framework/Versions/A/CoreAudio
0x000000019ba57000 	/System/Library/Frameworks/DiskArbitration.framework/Versions/A/DiskArbitration
0x00000001a09d4000 	/System/Library/PrivateFrameworks/MultitouchSupport.framework/Versions/A/MultitouchSupport
0x00000001a0d7e000 	/System/Library/PrivateFrameworks/InternationalSupport.framework/Versions/A/InternationalSupport
0x000000019a215000 	/usr/lib/libenergytrace.dylib
0x000000019815c000 	/System/Library/Frameworks/IOKit.framework/Versions/A/IOKit
0x00000001a4e2b000 	/System/Library/Frameworks/CoreServices.framework/Versions/A/CoreServices
0x000000019c260000 	/System/Library/PrivateFrameworks/PerformanceAnalysis.framework/Versions/A/PerformanceAnalysis
0x00000001d79cc000 	/System/Library/Frameworks/OpenGL.framework/Versions/A/OpenGL
0x00000001a0dfc000 	/System/Library/PrivateFrameworks/UserActivity.framework/Versions/A/UserActivity
0x000000019abf5000 	/System/Library/Frameworks/ColorSync.framework/Versions/A/ColorSync
0x000000019df30000 	/System/Library/Frameworks/CoreImage.framework/Versions/A/CoreImage
0x0000000197023000 	/System/Library/Frameworks/CoreText.framework/Versions/A/CoreText
0x000000019dd11000 	/System/Library/Frameworks/ImageIO.framework/Versions/A/ImageIO
0x000000019f46d000 	/System/Library/PrivateFrameworks/SoftLinking.framework/Versions/A/SoftLinking
0x000000019c310000 	/usr/lib/libxml2.2.dylib
0x000000019f6ed000 	/usr/lib/libcompression.dylib
0x00000001a0cca000 	/System/Library/PrivateFrameworks/TextureIO.framework/Versions/A/TextureIO
0x000000019fdd8000 	/usr/lib/libate.dylib
0x000000019fc21000 	/usr/lib/liblzma.5.dylib
0x000000019652e000 	/System/Library/Frameworks/SystemConfiguration.framework/Versions/A/SystemConfiguration
0x000000019f469000 	/usr/lib/libfakelink.dylib
0x0000000199d7c000 	/System/Library/Frameworks/CFNetwork.framework/Versions/A/CFNetwork
0x000000019f5b3000 	/usr/lib/libarchive.2.dylib
0x00000001965b6000 	/usr/lib/libCRFSuite.dylib
0x000000019ec9e000 	/usr/lib/libbsm.0.dylib
0x0000000199633000 	/usr/lib/libnetwork.dylib
0x000000019f46e000 	/usr/lib/libpcap.A.dylib
0x000000019b7cf000 	/usr/lib/libdns_services.dylib
0x000000019fc3a000 	/usr/lib/libcoretls_cfhelpers.dylib
0x000000019f6bc000 	/usr/lib/libapple_nghttp2.dylib
0x000000019f408000 	/usr/lib/system/libkxld.dylib
0x000000019b460000 	/usr/lib/libsqlite3.dylib
0x000000019f1ba000 	/System/Library/PrivateFrameworks/AppleFSCompression.framework/Versions/A/AppleFSCompression
0x000000019ec87000 	/usr/lib/libcoretls.dylib
0x000000019f6e8000 	/usr/lib/libpam.2.dylib
0x000000019fd21000 	/usr/lib/libxar.1.dylib
0x000000019e2ba000 	/System/Library/PrivateFrameworks/AppleSystemInfo.framework/Versions/A/AppleSystemInfo
0x000000019e8d7000 	/System/Library/PrivateFrameworks/IOMobileFramebuffer.framework/Versions/A/IOMobileFramebuffer
0x000000019f1ca000 	/usr/lib/libbz2.1.0.dylib
0x000000019f4aa000 	/usr/lib/libiconv.2.dylib
0x000000019f401000 	/usr/lib/libcharset.1.dylib
0x000000019c299000 	/System/Library/Frameworks/CoreServices.framework/Versions/A/Frameworks/FSEvents.framework/Versions/A/FSEvents
0x0000000197df0000 	/System/Library/Frameworks/CoreServices.framework/Versions/A/Frameworks/CarbonCore.framework/Versions/A/CarbonCore
0x000000019b9bd000 	/System/Library/Frameworks/CoreServices.framework/Versions/A/Frameworks/Metadata.framework/Versions/A/Metadata
0x000000019f1dc000 	/System/Library/Frameworks/CoreServices.framework/Versions/A/Frameworks/OSServices.framework/Versions/A/OSServices
0x000000019f624000 	/System/Library/Frameworks/CoreServices.framework/Versions/A/Frameworks/SearchKit.framework/Versions/A/SearchKit
0x000000019b75b000 	/System/Library/Frameworks/CoreServices.framework/Versions/A/Frameworks/AE.framework/Versions/A/AE
0x0000000195f01000 	/System/Library/Frameworks/CoreServices.framework/Versions/A/Frameworks/LaunchServices.framework/Versions/A/LaunchServices
0x000000019fbce000 	/System/Library/Frameworks/CoreServices.framework/Versions/A/Frameworks/DictionaryServices.framework/Versions/A/DictionaryServices
0x000000019c2a6000 	/System/Library/Frameworks/CoreServices.framework/Versions/A/Frameworks/SharedFileList.framework/Versions/A/SharedFileList
0x000000019ec77000 	/usr/lib/libCheckFix.dylib
0x000000019a282000 	/System/Library/PrivateFrameworks/TCC.framework/Versions/A/TCC
0x000000019e2c0000 	/System/Library/PrivateFrameworks/CoreNLP.framework/Versions/A/CoreNLP
0x000000019b971000 	/System/Library/PrivateFrameworks/MetadataUtilities.framework/Versions/A/MetadataUtilities
0x00000001965ea000 	/usr/lib/libmecabra.dylib
0x000000019ef5d000 	/System/Library/Frameworks/MLCompute.framework/Versions/A/MLCompute
0x000000019ecaf000 	/usr/lib/libmecab.dylib
0x000000019ecf5000 	/usr/lib/libgermantok.dylib
0x000000019f695000 	/usr/lib/libThaiTokenizer.dylib
0x000000019fd5d000 	/usr/lib/libChineseTokenizer.dylib
0x000000019f6e6000 	/System/Library/Frameworks/MetalPerformanceShaders.framework/Versions/A/MetalPerformanceShaders
0x000000019ba5e000 	/System/Library/Frameworks/Accelerate.framework/Versions/A/Frameworks/vImage.framework/Versions/A/vImage
0x00000001a4e09000 	/System/Library/Frameworks/Accelerate.framework/Versions/A/Frameworks/vecLib.framework/Versions/A/vecLib
0x000000019fd68000 	/System/Library/Frameworks/Accelerate.framework/Versions/A/Frameworks/vecLib.framework/Versions/A/libvMisc.dylib
0x000000019e815000 	/System/Library/Frameworks/Accelerate.framework/Versions/A/Frameworks/vecLib.framework/Versions/A/libvDSP.dylib
0x0000000196214000 	/System/Library/Frameworks/Accelerate.framework/Versions/A/Frameworks/vecLib.framework/Versions/A/libBLAS.dylib
0x000000019f711000 	/System/Library/Frameworks/Accelerate.framework/Versions/A/Frameworks/vecLib.framework/Versions/A/libLAPACK.dylib
0x000000019ecfa000 	/System/Library/Frameworks/Accelerate.framework/Versions/A/Frameworks/vecLib.framework/Versions/A/libLinearAlgebra.dylib
0x000000019f6d3000 	/System/Library/Frameworks/Accelerate.framework/Versions/A/Frameworks/vecLib.framework/Versions/A/libSparseBLAS.dylib
0x000000019f70c000 	/System/Library/Frameworks/Accelerate.framework/Versions/A/Frameworks/vecLib.framework/Versions/A/libQuadrature.dylib
0x000000019e356000 	/System/Library/Frameworks/Accelerate.framework/Versions/A/Frameworks/vecLib.framework/Versions/A/libBNNS.dylib
0x00000001964ca000 	/System/Library/Frameworks/Accelerate.framework/Versions/A/Frameworks/vecLib.framework/Versions/A/libSparse.dylib
0x000000019e249000 	/System/Library/Frameworks/MetalPerformanceShaders.framework/Versions/A/Frameworks/MPSCore.framework/Versions/A/MPSCore
0x000000019f132000 	/System/Library/Frameworks/MetalPerformanceShaders.framework/Versions/A/Frameworks/MPSImage.framework/Versions/A/MPSImage
0x000000019ed0f000 	/System/Library/Frameworks/MetalPerformanceShaders.framework/Versions/A/Frameworks/MPSNeuralNetwork.framework/Versions/A/MPSNeuralNetwork
0x000000019f0b0000 	/System/Library/Frameworks/MetalPerformanceShaders.framework/Versions/A/Frameworks/MPSMatrix.framework/Versions/A/MPSMatrix
0x000000019ef13000 	/System/Library/Frameworks/MetalPerformanceShaders.framework/Versions/A/Frameworks/MPSRayIntersector.framework/Versions/A/MPSRayIntersector
0x000000019f0df000 	/System/Library/Frameworks/MetalPerformanceShaders.framework/Versions/A/Frameworks/MPSNDArray.framework/Versions/A/MPSNDArray
0x000000019613a000 	/System/Library/PrivateFrameworks/MetalTools.framework/Versions/A/MetalTools
0x000000019e2b8000 	/System/Library/PrivateFrameworks/AggregateDictionary.framework/Versions/A/AggregateDictionary
0x000000019b93b000 	/System/Library/PrivateFrameworks/CoreAnalytics.framework/Versions/A/CoreAnalytics
0x000000019f697000 	/System/Library/PrivateFrameworks/AppleSauce.framework/Versions/A/AppleSauce
0x000000019d655000 	/System/Library/PrivateFrameworks/IOAccelerator.framework/Versions/A/IOAccelerator
0x00000001d79bf000 	/System/Library/Frameworks/OpenGL.framework/Versions/A/Libraries/libCoreFSCache.dylib
0x0000000196ba6000 	/System/Library/PrivateFrameworks/LanguageModeling.framework/Versions/A/LanguageModeling
0x000000019e8c4000 	/System/Library/PrivateFrameworks/CoreEmoji.framework/Versions/A/CoreEmoji
0x000000019e34e000 	/System/Library/PrivateFrameworks/LinguisticData.framework/Versions/A/LinguisticData
0x000000019647f000 	/System/Library/PrivateFrameworks/Lexicon.framework/Versions/A/Lexicon
0x000000019f5a0000 	/usr/lib/libcmph.dylib
0x000000019c279000 	/System/Library/Frameworks/OpenDirectory.framework/Versions/A/Frameworks/CFOpenDirectory.framework/Versions/A/CFOpenDirectory
0x000000019c26b000 	/System/Library/Frameworks/OpenDirectory.framework/Versions/A/OpenDirectory
0x000000019fc3c000 	/System/Library/PrivateFrameworks/APFS.framework/Versions/A/APFS
0x000000019ebe0000 	/System/Library/Frameworks/SecurityFoundation.framework/Versions/A/SecurityFoundation
0x000000019fd2f000 	/usr/lib/libutil.dylib
0x0000000198120000 	/System/Library/PrivateFrameworks/CoreServicesStore.framework/Versions/A/CoreServicesStore
0x000000019ec6e000 	/System/Library/Frameworks/ServiceManagement.framework/Versions/A/ServiceManagement
0x000000019fd33000 	/usr/lib/libxslt.1.dylib
0x000000019ec64000 	/System/Library/PrivateFrameworks/BackgroundTaskManagement.framework/Versions/A/BackgroundTaskManagement
0x00000001a0c19000 	/System/Library/Frameworks/ImageIO.framework/Versions/A/Resources/libRadiance.dylib
0x00000001a0c22000 	/System/Library/Frameworks/ImageIO.framework/Versions/A/Resources/libJPEG.dylib
0x00000001a0b71000 	/System/Library/Frameworks/ImageIO.framework/Versions/A/Resources/libPng.dylib
0x00000001a0b98000 	/System/Library/Frameworks/ImageIO.framework/Versions/A/Resources/libTIFF.dylib
0x00000001a0c73000 	/System/Library/Frameworks/ImageIO.framework/Versions/A/Resources/libGIF.dylib
0x00000001a08ee000 	/System/Library/Frameworks/ImageIO.framework/Versions/A/Resources/libJP2.dylib
0x00000001a0045000 	/usr/lib/libexpat.1.dylib
0x00000001a08aa000 	/System/Library/PrivateFrameworks/AppleJPEG.framework/Versions/A/AppleJPEG
0x000000019d866000 	/System/Library/PrivateFrameworks/FontServices.framework/libFontParser.dylib
0x000000019b70d000 	/System/Library/PrivateFrameworks/RunningBoardServices.framework/Versions/A/RunningBoardServices
0x00000001a9dfa000 	/System/Library/PrivateFrameworks/IOSurfaceAccelerator.framework/Versions/A/IOSurfaceAccelerator
0x00000001a09d0000 	/System/Library/PrivateFrameworks/WatchdogClient.framework/Versions/A/WatchdogClient
0x0000000196c96000 	/System/Library/Frameworks/CoreDisplay.framework/Versions/A/CoreDisplay
0x000000019d76e000 	/System/Library/Frameworks/CoreMedia.framework/Versions/A/CoreMedia
0x000000019c3fd000 	/System/Library/Frameworks/CoreVideo.framework/Versions/A/CoreVideo
0x00000001a0a0d000 	/System/Library/Frameworks/VideoToolbox.framework/Versions/A/VideoToolbox
0x000000019b68a000 	/System/Library/PrivateFrameworks/BaseBoard.framework/Versions/A/BaseBoard
0x00000001a0182000 	/System/Library/PrivateFrameworks/PersistentConnection.framework/Versions/A/PersistentConnection
0x000000019b449000 	/System/Library/PrivateFrameworks/ProtocolBuffer.framework/Versions/A/ProtocolBuffer
0x000000019b673000 	/System/Library/PrivateFrameworks/CommonUtilities.framework/Versions/A/CommonUtilities
0x00000001a086f000 	/System/Library/PrivateFrameworks/Bom.framework/Versions/A/Bom
0x00000001a0c14000 	/System/Library/PrivateFrameworks/GPUWrangler.framework/Versions/A/GPUWrangler
0x00000001a0bf5000 	/System/Library/PrivateFrameworks/IOPresentment.framework/Versions/A/IOPresentment
0x00000001a0c1c000 	/System/Library/PrivateFrameworks/DSExternalDisplay.framework/Versions/A/DSExternalDisplay
0x00000001a0c78000 	/System/Library/PrivateFrameworks/CMCaptureCore.framework/Versions/A/CMCaptureCore
0x00000001a060a000 	/System/Library/PrivateFrameworks/AppServerSupport.framework/Versions/A/AppServerSupport
0x00000001a2642000 	/System/Library/PrivateFrameworks/perfdata.framework/Versions/A/perfdata
0x000000019ebd0000 	/System/Library/PrivateFrameworks/AssertionServices.framework/Versions/A/AssertionServices
0x0000000196db9000 	/System/Library/PrivateFrameworks/AudioToolboxCore.framework/Versions/A/AudioToolboxCore
0x000000019d74e000 	/System/Library/PrivateFrameworks/caulk.framework/Versions/A/caulk
0x00000001b1410000 	/System/Library/PrivateFrameworks/SystemPolicy.framework/Versions/A/SystemPolicy
0x000000019fe6a000 	/usr/lib/libIOReport.dylib
0x00000001a1ede000 	/usr/lib/libSMC.dylib
0x00000001a0b3e000 	/usr/lib/libAudioToolboxUtility.dylib
0x00000001b1d95000 	/usr/lib/libmis.dylib
0x00000001d7a21000 	/System/Library/Frameworks/OpenGL.framework/Versions/A/Libraries/libGLU.dylib
0x00000001d79df000 	/System/Library/Frameworks/OpenGL.framework/Versions/A/Libraries/libGFXShared.dylib
0x00000001d7bc7000 	/System/Library/Frameworks/OpenGL.framework/Versions/A/Libraries/libGL.dylib
0x00000001d79e8000 	/System/Library/Frameworks/OpenGL.framework/Versions/A/Libraries/libGLImage.dylib
0x00000001d79dc000 	/System/Library/Frameworks/OpenGL.framework/Versions/A/Libraries/libCVMSPluginSupport.dylib
0x00000001d79c6000 	/System/Library/Frameworks/OpenGL.framework/Versions/A/Libraries/libCoreVMClient.dylib
0x00000001a893e000 	/System/Library/PrivateFrameworks/ASEProcessing.framework/Versions/A/ASEProcessing
0x00000001a01a9000 	/System/Library/PrivateFrameworks/GraphVisualizer.framework/Versions/A/GraphVisualizer
0x00000001a01b7000 	/System/Library/PrivateFrameworks/FaceCore.framework/Versions/A/FaceCore
0x00000001a05ca000 	/System/Library/PrivateFrameworks/OTSVG.framework/Versions/A/OTSVG
0x000000019c026000 	/System/Library/Frameworks/ApplicationServices.framework/Versions/A/Frameworks/ATS.framework/Versions/A/Resources/libFontRegistry.dylib
0x00000001a0612000 	/System/Library/PrivateFrameworks/FontServices.framework/libhvf.dylib
0x00000001d7d62000 	/System/Library/Frameworks/OpenCL.framework/Versions/A/OpenCL
0x000000019fff9000 	/System/Library/PrivateFrameworks/AppleVA.framework/Versions/A/AppleVA
0x00000001a1d2a000 	/System/Library/Frameworks/ApplicationServices.framework/Versions/A/Frameworks/ATS.framework/Versions/A/ATS
0x00000001a203d000 	/System/Library/Frameworks/ApplicationServices.framework/Versions/A/Frameworks/ColorSyncLegacy.framework/Versions/A/ColorSyncLegacy
0x000000019aceb000 	/System/Library/Frameworks/ApplicationServices.framework/Versions/A/Frameworks/HIServices.framework/Versions/A/HIServices
0x00000001a201c000 	/System/Library/Frameworks/ApplicationServices.framework/Versions/A/Frameworks/LangAnalysis.framework/Versions/A/LangAnalysis
0x00000001a0c82000 	/System/Library/Frameworks/ApplicationServices.framework/Versions/A/Frameworks/PrintCore.framework/Versions/A/PrintCore
0x00000001a2045000 	/System/Library/Frameworks/ApplicationServices.framework/Versions/A/Frameworks/QD.framework/Versions/A/QD
0x00000001a1d16000 	/System/Library/Frameworks/ApplicationServices.framework/Versions/A/Frameworks/SpeechSynthesis.framework/Versions/A/SpeechSynthesis
0x00000001a0c43000 	/System/Library/Frameworks/ApplicationServices.framework/Versions/A/Frameworks/ATSUI.framework/Versions/A/ATSUI
0x00000001a1fbe000 	/usr/lib/libcups.2.dylib
0x00000001a2030000 	/System/Library/PrivateFrameworks/NetAuth.framework/Versions/A/NetAuth
0x00000001a265c000 	/System/Library/Frameworks/Kerberos.framework/Versions/A/Kerberos
0x00000001a266d000 	/System/Library/Frameworks/GSS.framework/Versions/A/GSS
0x00000001a1d99000 	/usr/lib/libresolv.9.dylib
0x00000001a0628000 	/System/Library/PrivateFrameworks/Heimdal.framework/Versions/A/Heimdal
0x00000001a7f29000 	/System/Library/Frameworks/Kerberos.framework/Versions/A/Libraries/libHeimdalProxy.dylib
0x000000019b7df000 	/System/Library/Frameworks/Network.framework/Versions/A/Network
0x00000001a005f000 	/usr/lib/libheimdal-asn1.dylib
0x00000001a26b5000 	/System/Library/PrivateFrameworks/CommonAuth.framework/Versions/A/CommonAuth
0x000000019c451000 	/System/Library/PrivateFrameworks/login.framework/Versions/A/Frameworks/loginsupport.framework/Versions/A/loginsupport
0x00000001a1c9b000 	/System/Library/PrivateFrameworks/AudioSession.framework/Versions/A/AudioSession
0x00000001a1d03000 	/usr/lib/libAudioStatistics.dylib
0x00000001a00df000 	/System/Library/PrivateFrameworks/MediaExperience.framework/Versions/A/MediaExperience
0x00000001a1b3c000 	/System/Library/PrivateFrameworks/AudioSession.framework/libSessionUtility.dylib
0x00000001a264e000 	/usr/lib/libperfcheck.dylib
0x00000001a2051000 	/System/Library/PrivateFrameworks/AudioResourceArbitration.framework/Versions/A/AudioResourceArbitration
0x00000001a0068000 	/System/Library/PrivateFrameworks/IconFoundation.framework/Versions/A/IconFoundation
0x00000001a4af0000 	/System/Library/PrivateFrameworks/SpeechRecognitionCore.framework/Versions/A/SpeechRecognitionCore
0x0000000109000000 	/Library/Java/JavaVirtualMachines/zulu-16.jdk/Contents/Home/lib/server/libjvm.dylib
0x00000001047a8000 	/Library/Java/JavaVirtualMachines/zulu-16.jdk/Contents/Home/lib/libjimage.dylib
0x000000010480c000 	/Library/Java/JavaVirtualMachines/zulu-16.jdk/Contents/Home/lib/libjava.dylib
0x0000000104ba8000 	/Library/Java/JavaVirtualMachines/zulu-16.jdk/Contents/Home/lib/libnio.dylib
0x0000000104bc8000 	/Library/Java/JavaVirtualMachines/zulu-16.jdk/Contents/Home/lib/libnet.dylib
0x0000000104bec000 	/Library/Java/JavaVirtualMachines/zulu-16.jdk/Contents/Home/lib/libzip.dylib
0x0000000104c04000 	/Library/Java/JavaVirtualMachines/zulu-16.jdk/Contents/Home/lib/libverify.dylib


VM Arguments:
jvm_args: -Dorg.gradle.appname=gradlew 
java_command: org.gradle.wrapper.GradleWrapperMain -q -Ptarget-platform=android-arm,android-arm64,android-x64 -Ptarget=lib/main.dart -Pdart-obfuscation=false -Ptrack-widget-creation=true -Ptree-shake-icons=true assembleRelease
java_class_path (initial): /Users/ishan/dev/flutter_projs/better_assignments/android/gradle/wrapper/gradle-wrapper.jar
Launcher Type: SUN_STANDARD

[Global flags]
     intx CICompilerCount                          = 4                                         {product} {ergonomic}
     uint ConcGCThreads                            = 2                                         {product} {ergonomic}
     uint G1ConcRefinementThreads                  = 8                                         {product} {ergonomic}
   size_t G1HeapRegionSize                         = 2097152                                   {product} {ergonomic}
    uintx GCDrainStackTargetSize                   = 64                                        {product} {ergonomic}
   size_t InitialHeapSize                          = 268435456                                 {product} {ergonomic}
   size_t MarkStackSize                            = 4194304                                   {product} {ergonomic}
   size_t MaxHeapSize                              = 4294967296                                {product} {ergonomic}
   size_t MaxNewSize                               = 2575302656                                {product} {ergonomic}
   size_t MinHeapDeltaBytes                        = 2097152                                   {product} {ergonomic}
   size_t MinHeapSize                              = 8388608                                   {product} {ergonomic}
    uintx NonNMethodCodeHeapSize                   = 5839564                                {pd product} {ergonomic}
    uintx NonProfiledCodeHeapSize                  = 122909338                              {pd product} {ergonomic}
    uintx ProfiledCodeHeapSize                     = 122909338                              {pd product} {ergonomic}
    uintx ReservedCodeCacheSize                    = 251658240                              {pd product} {ergonomic}
     bool SegmentedCodeCache                       = true                                      {product} {ergonomic}
   size_t SoftMaxHeapSize                          = 4294967296                             {manageable} {ergonomic}
     bool UseCompressedClassPointers               = true                           {product lp64_product} {ergonomic}
     bool UseCompressedOops                        = true                           {product lp64_product} {ergonomic}
     bool UseG1GC                                  = true                                      {product} {ergonomic}
     bool UseNUMA                                  = false                                     {product} {ergonomic}
     bool UseNUMAInterleaving                      = false                                     {product} {ergonomic}

Logging:
Log output configuration:
 #0: stdout all=warning uptime,level,tags
 #1: stderr all=off uptime,level,tags

Environment Variables:
PATH=/Library/Frameworks/Python.framework/Versions/3.9/bin:/usr/local/bin:/usr/bin:/bin:/usr/sbin:/sbin:/Library/Apple/usr/bin:/Library/Frameworks/Python.framework/Versions/3.9/bin:/Users/ishan/dev/flutter/bin:/Users/ishan/dev/flutter/bin
SHELL=/bin/zsh
LANG=en_US.UTF-8

Signal Handlers:
SIGSEGV: [libjvm.dylib+0x9ace24], sa_mask[0]=11100110000111110111111111111111, sa_flags=SA_ONSTACK|SA_RESTART|SA_SIGINFO
SIGBUS: [libjvm.dylib+0x9ace24], sa_mask[0]=11100110000111110111111111111111, sa_flags=SA_RESTART|SA_SIGINFO
SIGFPE: [libjvm.dylib+0x9ace24], sa_mask[0]=11100110000111110111111111111111, sa_flags=SA_RESTART|SA_SIGINFO
SIGPIPE: [libjvm.dylib+0x8964e0], sa_mask[0]=11100110000111110111111111111111, sa_flags=SA_RESTART|SA_SIGINFO
SIGXFSZ: [libjvm.dylib+0x8964e0], sa_mask[0]=11100110000111110111111111111111, sa_flags=SA_RESTART|SA_SIGINFO
SIGILL: [libjvm.dylib+0x9ace24], sa_mask[0]=11100110000111110111111111111111, sa_flags=SA_RESTART|SA_SIGINFO
SIGUSR2: [libjvm.dylib+0x896f18], sa_mask[0]=00000000000000000000010000000000, sa_flags=SA_RESTART|SA_SIGINFO
SIGHUP: [libjvm.dylib+0x895590], sa_mask[0]=11100110000111110111111111111111, sa_flags=SA_RESTART|SA_SIGINFO
SIGINT: [libjvm.dylib+0x895590], sa_mask[0]=11100110000111110111111111111111, sa_flags=SA_RESTART|SA_SIGINFO
SIGTERM: [libjvm.dylib+0x895590], sa_mask[0]=11100110000111110111111111111111, sa_flags=SA_RESTART|SA_SIGINFO
SIGQUIT: [libjvm.dylib+0x895590], sa_mask[0]=11100110000111110111111111111111, sa_flags=SA_RESTART|SA_SIGINFO
SIGTRAP: [libjvm.dylib+0x9ace24], sa_mask[0]=11100110000111110111111111111111, sa_flags=SA_RESTART|SA_SIGINFO


---------------  S Y S T E M  ---------------

OS:uname: Darwin 20.5.0 Darwin Kernel Version 20.5.0: Sat May  8 05:10:31 PDT 2021; root:xnu-7195.121.3~9/RELEASE_ARM64_T8101 arm64
OS uptime: 4 days 0:13 hours
rlimit (soft/hard): STACK 8176k/65520k , CORE 0k/infinity , NPROC 2666/4000 , NOFILE 10240/infinity , AS infinity/infinity , CPU infinity/infinity , DATA infinity/infinity , FSIZE infinity/infinity , MEMLOCK infinity/infinity , RSS infinity/infinity
load average: 1.81 1.66 1.83

CPU: total 8 (initial active 8) 0x61:0x0:0x1b588bb3:0, simd, crc, lse

Memory: 16k page, physical 16777216k(286752k free), swap 2097152k(1206784k free)

vm_info: OpenJDK 64-Bit Server VM (16.0.1+9) for bsd-aarch64 JRE (16.0.1+9) (Zulu16.30+15-CA), built on Apr 20 2021 17:19:00 by "zulu_re" with clang Apple LLVM 12.0.0 (clang-1200.0.32.28)

END.
