#
# A fatal error has been detected by the Java Runtime Environment:
#
#  Internal Error (sharedRuntime.cpp:532), pid=12473, tid=5891
#  Error: ShouldNotReachHere()
#
# JRE version: OpenJDK Runtime Environment Zulu16.30+15-CA (16.0.1+9) (build 16.0.1+9)
# Java VM: OpenJDK 64-Bit Server VM Zulu16.30+15-CA (16.0.1+9, mixed mode, tiered, compressed oops, compressed class ptrs, g1 gc, bsd-aarch64)
# No core dump will be written. Core dumps have been disabled. To enable core dumping, try "ulimit -c unlimited" before starting Java again
#
# If you would like to submit a bug report, please visit:
#   http://www.azulsystems.com/support/
#

---------------  S U M M A R Y ------------

Command Line: -Dorg.gradle.appname=gradlew org.gradle.wrapper.GradleWrapperMain -q -Ptarget-platform=android-arm,android-arm64,android-x64 -Ptarget=lib/main.dart -Pdart-obfuscation=false -Ptrack-widget-creation=true -Ptree-shake-icons=true assembleRelease

Host: MacBookPro17,1 arm64 1 MHz, 8 cores, 16G, Darwin 20.5.0, macOS 11.4 (20F71)
Time: Sat Jul  3 17:51:13 2021 EDT elapsed time: 0.428809 seconds (0d 0h 0m 0s)

---------------  T H R E A D  ---------------

Current thread (0x000000014880dc00):  JavaThread "main" [_thread_in_Java, id=5891, stack(0x000000016d08c000,0x000000016d28f000)]

Stack: [0x000000016d08c000,0x000000016d28f000],  sp=0x000000016d28c860,  free space=2050k
Native frames: (J=compiled Java code, A=aot compiled Java code, j=interpreted, Vv=VM code, C=native code)
V  [libjvm.dylib+0x9abf04]  VMError::report_and_die(int, char const*, char const*, char*, Thread*, unsigned char*, void*, void*, char const*, int, unsigned long)+0x46c
V  [libjvm.dylib+0x9ac658]  VMError::report_and_die(Thread*, void*, char const*, int, char const*, char const*, char*)+0x40
V  [libjvm.dylib+0x2a9ab0]  report_vm_error(char const*, int, char const*, char const*, ...)+0x5c
V  [libjvm.dylib+0x2a9c84]  report_should_not_reach_here(char const*, int)+0x2c
V  [libjvm.dylib+0x81380c]  SharedRuntime::raw_exception_handler_for_return_address(JavaThread*, unsigned char*)+0x178
V  [libjvm.dylib+0x8138b0]  SharedRuntime::exception_handler_for_return_address(JavaThread*, unsigned char*)+0x28
v  ~StubRoutines::forward exception
j  org.slf4j.MarkerFactory.<clinit>()V+0
v  ~StubRoutines::call_stub
V  [libjvm.dylib+0x43f6b8]  JavaCalls::call_helper(JavaValue*, methodHandle const&, JavaCallArguments*, Thread*)+0x30c
V  [libjvm.dylib+0x421084]  InstanceKlass::call_class_initializer(Thread*)+0x1e8
V  [libjvm.dylib+0x4207b0]  InstanceKlass::initialize_impl(Thread*)+0x57c
V  [libjvm.dylib+0x657db4]  LinkResolver::resolve_static_call(CallInfo&, LinkInfo const&, bool, Thread*)+0x78
V  [libjvm.dylib+0x659d8c]  LinkResolver::resolve_invoke(CallInfo&, Handle, constantPoolHandle const&, int, Bytecodes::Code, Thread*)+0xac
V  [libjvm.dylib+0x4389d4]  InterpreterRuntime::resolve_invoke(JavaThread*, Bytecodes::Code)+0x29c
V  [libjvm.dylib+0x438fd0]  InterpreterRuntime::resolve_from_cache(JavaThread*, Bytecodes::Code)+0x7c
j  org.gradle.api.logging.Logging.<clinit>()V+2
v  ~StubRoutines::call_stub
V  [libjvm.dylib+0x43f6b8]  JavaCalls::call_helper(JavaValue*, methodHandle const&, JavaCallArguments*, Thread*)+0x30c
V  [libjvm.dylib+0x421084]  InstanceKlass::call_class_initializer(Thread*)+0x1e8
V  [libjvm.dylib+0x4207b0]  InstanceKlass::initialize_impl(Thread*)+0x57c
V  [libjvm.dylib+0x657db4]  LinkResolver::resolve_static_call(CallInfo&, LinkInfo const&, bool, Thread*)+0x78
V  [libjvm.dylib+0x659d8c]  LinkResolver::resolve_invoke(CallInfo&, Handle, constantPoolHandle const&, int, Bytecodes::Code, Thread*)+0xac
V  [libjvm.dylib+0x4389d4]  InterpreterRuntime::resolve_invoke(JavaThread*, Bytecodes::Code)+0x29c
V  [libjvm.dylib+0x438fd0]  InterpreterRuntime::resolve_from_cache(JavaThread*, Bytecodes::Code)+0x7c
j  org.gradle.launcher.cli.DebugLoggerWarningAction.<init>(Lorg/gradle/api/logging/configuration/LoggingConfiguration;Lorg/gradle/api/Action;)V+3
j  org.gradle.launcher.cli.DefaultCommandLineActionFactory$WithLogging.execute(Lorg/gradle/launcher/bootstrap/ExecutionListener;)V+240
j  org.gradle.launcher.Main.doAction([Ljava/lang/String;Lorg/gradle/launcher/bootstrap/ExecutionListener;)V+14
j  org.gradle.launcher.bootstrap.EntryPoint.run([Ljava/lang/String;)V+12
v  ~StubRoutines::call_stub
V  [libjvm.dylib+0x43f6b8]  JavaCalls::call_helper(JavaValue*, methodHandle const&, JavaCallArguments*, Thread*)+0x30c
V  [libjvm.dylib+0x7f1008]  invoke(InstanceKlass*, methodHandle const&, Handle, bool, objArrayHandle, BasicType, objArrayHandle, bool, Thread*)+0x914
V  [libjvm.dylib+0x7f067c]  Reflection::invoke_method(oopDesc*, Handle, objArrayHandle, Thread*)+0x150
V  [libjvm.dylib+0x4f3b14]  JVM_InvokeMethod+0x358
j  jdk.internal.reflect.NativeMethodAccessorImpl.invoke0(Ljava/lang/reflect/Method;Ljava/lang/Object;[Ljava/lang/Object;)Ljava/lang/Object;+0 java.base@16.0.1
j  jdk.internal.reflect.NativeMethodAccessorImpl.invoke(Ljava/lang/Object;[Ljava/lang/Object;)Ljava/lang/Object;+146 java.base@16.0.1
j  jdk.internal.reflect.DelegatingMethodAccessorImpl.invoke(Ljava/lang/Object;[Ljava/lang/Object;)Ljava/lang/Object;+6 java.base@16.0.1
j  java.lang.reflect.Method.invoke(Ljava/lang/Object;[Ljava/lang/Object;)Ljava/lang/Object;+59 java.base@16.0.1
j  org.gradle.launcher.bootstrap.ProcessBootstrap.runNoExit(Ljava/lang/String;[Ljava/lang/String;)V+161
j  org.gradle.launcher.bootstrap.ProcessBootstrap.run(Ljava/lang/String;[Ljava/lang/String;)V+3
j  org.gradle.launcher.GradleMain.main([Ljava/lang/String;)V+36
v  ~StubRoutines::call_stub
V  [libjvm.dylib+0x43f6b8]  JavaCalls::call_helper(JavaValue*, methodHandle const&, JavaCallArguments*, Thread*)+0x30c
V  [libjvm.dylib+0x7f1008]  invoke(InstanceKlass*, methodHandle const&, Handle, bool, objArrayHandle, BasicType, objArrayHandle, bool, Thread*)+0x914
V  [libjvm.dylib+0x7f067c]  Reflection::invoke_method(oopDesc*, Handle, objArrayHandle, Thread*)+0x150
V  [libjvm.dylib+0x4f3b14]  JVM_InvokeMethod+0x358
j  jdk.internal.reflect.NativeMethodAccessorImpl.invoke0(Ljava/lang/reflect/Method;Ljava/lang/Object;[Ljava/lang/Object;)Ljava/lang/Object;+0 java.base@16.0.1
j  jdk.internal.reflect.NativeMethodAccessorImpl.invoke(Ljava/lang/Object;[Ljava/lang/Object;)Ljava/lang/Object;+146 java.base@16.0.1
j  jdk.internal.reflect.DelegatingMethodAccessorImpl.invoke(Ljava/lang/Object;[Ljava/lang/Object;)Ljava/lang/Object;+6 java.base@16.0.1
j  java.lang.reflect.Method.invoke(Ljava/lang/Object;[Ljava/lang/Object;)Ljava/lang/Object;+59 java.base@16.0.1
j  org.gradle.wrapper.BootstrapMainStarter.start([Ljava/lang/String;Ljava/io/File;)V+82
j  org.gradle.wrapper.WrapperExecutor.execute([Ljava/lang/String;Lorg/gradle/wrapper/Install;Lorg/gradle/wrapper/BootstrapMainStarter;)V+14
j  org.gradle.wrapper.GradleWrapperMain.main([Ljava/lang/String;)V+190
v  ~StubRoutines::call_stub
V  [libjvm.dylib+0x43f6b8]  JavaCalls::call_helper(JavaValue*, methodHandle const&, JavaCallArguments*, Thread*)+0x30c
V  [libjvm.dylib+0x4a10fc]  jni_invoke_static(JNIEnv_*, JavaValue*, _jobject*, JNICallType, _jmethodID*, JNI_ArgumentPusher*, Thread*)+0x120
V  [libjvm.dylib+0x4a4510]  jni_CallStaticVoidMethod+0x120
C  [libjli.dylib+0x5430]  JavaMain+0x9d4
C  [libjli.dylib+0x778c]  ThreadJavaMain+0xc
C  [libsystem_pthread.dylib+0x7878]  _pthread_start+0x140


---------------  P R O C E S S  ---------------

Threads class SMR info:
_java_thread_list=0x000000014868a340, length=11, elements={
0x000000014880dc00, 0x0000000148846c00, 0x00000001490eda00, 0x000000013880ba00,
0x000000012e008200, 0x000000012e00aa00, 0x000000012e00b000, 0x0000000138809800,
0x0000000138811c00, 0x00000001490ec800, 0x0000000148847200
}

Java Threads: ( => current thread )
=>0x000000014880dc00 JavaThread "main" [_thread_in_Java, id=5891, stack(0x000000016d08c000,0x000000016d28f000)]
  0x0000000148846c00 JavaThread "Reference Handler" daemon [_thread_blocked, id=13571, stack(0x000000016dee0000,0x000000016e0e3000)]
  0x00000001490eda00 JavaThread "Finalizer" daemon [_thread_blocked, id=13827, stack(0x000000016e0ec000,0x000000016e2ef000)]
  0x000000013880ba00 JavaThread "Signal Dispatcher" daemon [_thread_blocked, id=43011, stack(0x000000016e410000,0x000000016e613000)]
  0x000000012e008200 JavaThread "Service Thread" daemon [_thread_blocked, id=42499, stack(0x000000016e61c000,0x000000016e81f000)]
  0x000000012e00aa00 JavaThread "Monitor Deflation Thread" daemon [_thread_blocked, id=23043, stack(0x000000016e828000,0x000000016ea2b000)]
  0x000000012e00b000 JavaThread "C2 CompilerThread0" daemon [_thread_in_native, id=23299, stack(0x000000016ea34000,0x000000016ec37000)]
  0x0000000138809800 JavaThread "C1 CompilerThread0" daemon [_thread_blocked, id=41987, stack(0x000000016ec40000,0x000000016ee43000)]
  0x0000000138811c00 JavaThread "Sweeper thread" daemon [_thread_blocked, id=41731, stack(0x000000016ee4c000,0x000000016f04f000)]
  0x00000001490ec800 JavaThread "Notification Thread" daemon [_thread_blocked, id=24323, stack(0x000000016f058000,0x000000016f25b000)]
  0x0000000148847200 JavaThread "Common-Cleaner" daemon [_thread_blocked, id=24579, stack(0x000000016f470000,0x000000016f673000)]

Other Threads:
  0x000000014864ab30 VMThread "VM Thread" [stack: 0x000000016dcd4000,0x000000016ded7000] [id=13315]
  0x000000013861fcd0 WatcherThread [stack: 0x000000016f264000,0x000000016f467000] [id=41219]
  0x0000000148713f40 GCTaskThread "GC Thread#0" [stack: 0x000000016d298000,0x000000016d49b000] [id=19459]
  0x0000000148714ec0 ConcurrentGCThread "G1 Main Marker" [stack: 0x000000016d4a4000,0x000000016d6a7000] [id=12035]
  0x0000000148715d90 ConcurrentGCThread "G1 Conc#0" [stack: 0x000000016d6b0000,0x000000016d8b3000] [id=18179]
  0x0000000148731d60 ConcurrentGCThread "G1 Refine#0" [stack: 0x000000016d8bc000,0x000000016dabf000] [id=17667]
  0x0000000148732c20 ConcurrentGCThread "G1 Service" [stack: 0x000000016dac8000,0x000000016dccb000] [id=17155]

Threads with active compile tasks:
C2 CompilerThread0      438  779       4       java.util.jar.JarFile::getEntry (35 bytes)

VM state: not at safepoint (normal execution)

VM Mutex/Monitor currently owned by a thread: None

Heap address: 0x00000006c0000000, size: 4096 MB, Compressed Oops mode: Zero based, Oop shift amount: 3

Compressed class space mapped at: 0x0000000300000000-0x0000000340000000, reserved size: 1073741824
Narrow klass base: 0x0000000000000000, Narrow klass shift: 3, Narrow klass range: 0x340000000

GC Precious Log:
 CPUs: 8 total, 8 available
 Memory: 16384M
 Large Page Support: Disabled
 NUMA Support: Disabled
 Compressed Oops: Enabled (Zero based)
 Heap Region Size: 2M
 Heap Min Capacity: 8M
 Heap Initial Capacity: 256M
 Heap Max Capacity: 4G
 Pre-touch: Disabled
 Parallel Workers: 8
 Concurrent Workers: 2
 Concurrent Refinement Workers: 8
 Periodic GC: Disabled

Heap:
 garbage-first heap   total 262144K, used 26624K [0x00000006c0000000, 0x00000007c0000000)
  region size 2048K, 10 young (20480K), 0 survivors (0K)
 Metaspace       used 10130K, committed 10432K, reserved 1064960K
  class space    used 1004K, committed 1152K, reserved 1048576K

Heap Regions: E=young(eden), S=young(survivor), O=old, HS=humongous(starts), HC=humongous(continues), CS=collection set, F=free, OA=open archive, CA=closed archive, TAMS=top-at-mark-start (previous, next)
|   0|0x00000006c0000000, 0x00000006c0200000, 0x00000006c0200000|100%|HS|  |TAMS 0x00000006c0000000, 0x00000006c0000000| Complete 
|   1|0x00000006c0200000, 0x00000006c0400000, 0x00000006c0400000|100%|HC|  |TAMS 0x00000006c0200000, 0x00000006c0200000| Complete 
|   2|0x00000006c0400000, 0x00000006c0600000, 0x00000006c0600000|100%|HS|  |TAMS 0x00000006c0400000, 0x00000006c0400000| Complete 
|   3|0x00000006c0600000, 0x00000006c0800000, 0x00000006c0800000|100%|HC|  |TAMS 0x00000006c0600000, 0x00000006c0600000| Complete 
|   4|0x00000006c0800000, 0x00000006c0800000, 0x00000006c0a00000|  0%| F|  |TAMS 0x00000006c0800000, 0x00000006c0800000| Untracked 
|   5|0x00000006c0a00000, 0x00000006c0a00000, 0x00000006c0c00000|  0%| F|  |TAMS 0x00000006c0a00000, 0x00000006c0a00000| Untracked 
|   6|0x00000006c0c00000, 0x00000006c0c00000, 0x00000006c0e00000|  0%| F|  |TAMS 0x00000006c0c00000, 0x00000006c0c00000| Untracked 
|   7|0x00000006c0e00000, 0x00000006c0e00000, 0x00000006c1000000|  0%| F|  |TAMS 0x00000006c0e00000, 0x00000006c0e00000| Untracked 
|   8|0x00000006c1000000, 0x00000006c1000000, 0x00000006c1200000|  0%| F|  |TAMS 0x00000006c1000000, 0x00000006c1000000| Untracked 
|   9|0x00000006c1200000, 0x00000006c1200000, 0x00000006c1400000|  0%| F|  |TAMS 0x00000006c1200000, 0x00000006c1200000| Untracked 
|  10|0x00000006c1400000, 0x00000006c1400000, 0x00000006c1600000|  0%| F|  |TAMS 0x00000006c1400000, 0x00000006c1400000| Untracked 
|  11|0x00000006c1600000, 0x00000006c1600000, 0x00000006c1800000|  0%| F|  |TAMS 0x00000006c1600000, 0x00000006c1600000| Untracked 
|  12|0x00000006c1800000, 0x00000006c1800000, 0x00000006c1a00000|  0%| F|  |TAMS 0x00000006c1800000, 0x00000006c1800000| Untracked 
|  13|0x00000006c1a00000, 0x00000006c1a00000, 0x00000006c1c00000|  0%| F|  |TAMS 0x00000006c1a00000, 0x00000006c1a00000| Untracked 
|  14|0x00000006c1c00000, 0x00000006c1c00000, 0x00000006c1e00000|  0%| F|  |TAMS 0x00000006c1c00000, 0x00000006c1c00000| Untracked 
|  15|0x00000006c1e00000, 0x00000006c1e00000, 0x00000006c2000000|  0%| F|  |TAMS 0x00000006c1e00000, 0x00000006c1e00000| Untracked 
|  16|0x00000006c2000000, 0x00000006c2000000, 0x00000006c2200000|  0%| F|  |TAMS 0x00000006c2000000, 0x00000006c2000000| Untracked 
|  17|0x00000006c2200000, 0x00000006c2200000, 0x00000006c2400000|  0%| F|  |TAMS 0x00000006c2200000, 0x00000006c2200000| Untracked 
|  18|0x00000006c2400000, 0x00000006c2400000, 0x00000006c2600000|  0%| F|  |TAMS 0x00000006c2400000, 0x00000006c2400000| Untracked 
|  19|0x00000006c2600000, 0x00000006c2600000, 0x00000006c2800000|  0%| F|  |TAMS 0x00000006c2600000, 0x00000006c2600000| Untracked 
|  20|0x00000006c2800000, 0x00000006c2800000, 0x00000006c2a00000|  0%| F|  |TAMS 0x00000006c2800000, 0x00000006c2800000| Untracked 
|  21|0x00000006c2a00000, 0x00000006c2a00000, 0x00000006c2c00000|  0%| F|  |TAMS 0x00000006c2a00000, 0x00000006c2a00000| Untracked 
|  22|0x00000006c2c00000, 0x00000006c2c00000, 0x00000006c2e00000|  0%| F|  |TAMS 0x00000006c2c00000, 0x00000006c2c00000| Untracked 
|  23|0x00000006c2e00000, 0x00000006c2e00000, 0x00000006c3000000|  0%| F|  |TAMS 0x00000006c2e00000, 0x00000006c2e00000| Untracked 
|  24|0x00000006c3000000, 0x00000006c3000000, 0x00000006c3200000|  0%| F|  |TAMS 0x00000006c3000000, 0x00000006c3000000| Untracked 
|  25|0x00000006c3200000, 0x00000006c3200000, 0x00000006c3400000|  0%| F|  |TAMS 0x00000006c3200000, 0x00000006c3200000| Untracked 
|  26|0x00000006c3400000, 0x00000006c3400000, 0x00000006c3600000|  0%| F|  |TAMS 0x00000006c3400000, 0x00000006c3400000| Untracked 
|  27|0x00000006c3600000, 0x00000006c3600000, 0x00000006c3800000|  0%| F|  |TAMS 0x00000006c3600000, 0x00000006c3600000| Untracked 
|  28|0x00000006c3800000, 0x00000006c3800000, 0x00000006c3a00000|  0%| F|  |TAMS 0x00000006c3800000, 0x00000006c3800000| Untracked 
|  29|0x00000006c3a00000, 0x00000006c3a00000, 0x00000006c3c00000|  0%| F|  |TAMS 0x00000006c3a00000, 0x00000006c3a00000| Untracked 
|  30|0x00000006c3c00000, 0x00000006c3c00000, 0x00000006c3e00000|  0%| F|  |TAMS 0x00000006c3c00000, 0x00000006c3c00000| Untracked 
|  31|0x00000006c3e00000, 0x00000006c3e00000, 0x00000006c4000000|  0%| F|  |TAMS 0x00000006c3e00000, 0x00000006c3e00000| Untracked 
|  32|0x00000006c4000000, 0x00000006c4000000, 0x00000006c4200000|  0%| F|  |TAMS 0x00000006c4000000, 0x00000006c4000000| Untracked 
|  33|0x00000006c4200000, 0x00000006c4200000, 0x00000006c4400000|  0%| F|  |TAMS 0x00000006c4200000, 0x00000006c4200000| Untracked 
|  34|0x00000006c4400000, 0x00000006c4400000, 0x00000006c4600000|  0%| F|  |TAMS 0x00000006c4400000, 0x00000006c4400000| Untracked 
|  35|0x00000006c4600000, 0x00000006c4600000, 0x00000006c4800000|  0%| F|  |TAMS 0x00000006c4600000, 0x00000006c4600000| Untracked 
|  36|0x00000006c4800000, 0x00000006c4800000, 0x00000006c4a00000|  0%| F|  |TAMS 0x00000006c4800000, 0x00000006c4800000| Untracked 
|  37|0x00000006c4a00000, 0x00000006c4a00000, 0x00000006c4c00000|  0%| F|  |TAMS 0x00000006c4a00000, 0x00000006c4a00000| Untracked 
|  38|0x00000006c4c00000, 0x00000006c4c00000, 0x00000006c4e00000|  0%| F|  |TAMS 0x00000006c4c00000, 0x00000006c4c00000| Untracked 
|  39|0x00000006c4e00000, 0x00000006c4e00000, 0x00000006c5000000|  0%| F|  |TAMS 0x00000006c4e00000, 0x00000006c4e00000| Untracked 
|  40|0x00000006c5000000, 0x00000006c5000000, 0x00000006c5200000|  0%| F|  |TAMS 0x00000006c5000000, 0x00000006c5000000| Untracked 
|  41|0x00000006c5200000, 0x00000006c5200000, 0x00000006c5400000|  0%| F|  |TAMS 0x00000006c5200000, 0x00000006c5200000| Untracked 
|  42|0x00000006c5400000, 0x00000006c5400000, 0x00000006c5600000|  0%| F|  |TAMS 0x00000006c5400000, 0x00000006c5400000| Untracked 
|  43|0x00000006c5600000, 0x00000006c5600000, 0x00000006c5800000|  0%| F|  |TAMS 0x00000006c5600000, 0x00000006c5600000| Untracked 
|  44|0x00000006c5800000, 0x00000006c5800000, 0x00000006c5a00000|  0%| F|  |TAMS 0x00000006c5800000, 0x00000006c5800000| Untracked 
|  45|0x00000006c5a00000, 0x00000006c5a00000, 0x00000006c5c00000|  0%| F|  |TAMS 0x00000006c5a00000, 0x00000006c5a00000| Untracked 
|  46|0x00000006c5c00000, 0x00000006c5c00000, 0x00000006c5e00000|  0%| F|  |TAMS 0x00000006c5c00000, 0x00000006c5c00000| Untracked 
|  47|0x00000006c5e00000, 0x00000006c5e00000, 0x00000006c6000000|  0%| F|  |TAMS 0x00000006c5e00000, 0x00000006c5e00000| Untracked 
|  48|0x00000006c6000000, 0x00000006c6000000, 0x00000006c6200000|  0%| F|  |TAMS 0x00000006c6000000, 0x00000006c6000000| Untracked 
|  49|0x00000006c6200000, 0x00000006c6200000, 0x00000006c6400000|  0%| F|  |TAMS 0x00000006c6200000, 0x00000006c6200000| Untracked 
|  50|0x00000006c6400000, 0x00000006c6400000, 0x00000006c6600000|  0%| F|  |TAMS 0x00000006c6400000, 0x00000006c6400000| Untracked 
|  51|0x00000006c6600000, 0x00000006c6600000, 0x00000006c6800000|  0%| F|  |TAMS 0x00000006c6600000, 0x00000006c6600000| Untracked 
|  52|0x00000006c6800000, 0x00000006c6800000, 0x00000006c6a00000|  0%| F|  |TAMS 0x00000006c6800000, 0x00000006c6800000| Untracked 
|  53|0x00000006c6a00000, 0x00000006c6a00000, 0x00000006c6c00000|  0%| F|  |TAMS 0x00000006c6a00000, 0x00000006c6a00000| Untracked 
|  54|0x00000006c6c00000, 0x00000006c6c00000, 0x00000006c6e00000|  0%| F|  |TAMS 0x00000006c6c00000, 0x00000006c6c00000| Untracked 
|  55|0x00000006c6e00000, 0x00000006c6e00000, 0x00000006c7000000|  0%| F|  |TAMS 0x00000006c6e00000, 0x00000006c6e00000| Untracked 
|  56|0x00000006c7000000, 0x00000006c7000000, 0x00000006c7200000|  0%| F|  |TAMS 0x00000006c7000000, 0x00000006c7000000| Untracked 
|  57|0x00000006c7200000, 0x00000006c7200000, 0x00000006c7400000|  0%| F|  |TAMS 0x00000006c7200000, 0x00000006c7200000| Untracked 
|  58|0x00000006c7400000, 0x00000006c7400000, 0x00000006c7600000|  0%| F|  |TAMS 0x00000006c7400000, 0x00000006c7400000| Untracked 
|  59|0x00000006c7600000, 0x00000006c7600000, 0x00000006c7800000|  0%| F|  |TAMS 0x00000006c7600000, 0x00000006c7600000| Untracked 
|  60|0x00000006c7800000, 0x00000006c7800000, 0x00000006c7a00000|  0%| F|  |TAMS 0x00000006c7800000, 0x00000006c7800000| Untracked 
|  61|0x00000006c7a00000, 0x00000006c7a00000, 0x00000006c7c00000|  0%| F|  |TAMS 0x00000006c7a00000, 0x00000006c7a00000| Untracked 
|  62|0x00000006c7c00000, 0x00000006c7c00000, 0x00000006c7e00000|  0%| F|  |TAMS 0x00000006c7c00000, 0x00000006c7c00000| Untracked 
|  63|0x00000006c7e00000, 0x00000006c7e00000, 0x00000006c8000000|  0%| F|  |TAMS 0x00000006c7e00000, 0x00000006c7e00000| Untracked 
|  64|0x00000006c8000000, 0x00000006c8000000, 0x00000006c8200000|  0%| F|  |TAMS 0x00000006c8000000, 0x00000006c8000000| Untracked 
|  65|0x00000006c8200000, 0x00000006c8200000, 0x00000006c8400000|  0%| F|  |TAMS 0x00000006c8200000, 0x00000006c8200000| Untracked 
|  66|0x00000006c8400000, 0x00000006c8400000, 0x00000006c8600000|  0%| F|  |TAMS 0x00000006c8400000, 0x00000006c8400000| Untracked 
|  67|0x00000006c8600000, 0x00000006c8600000, 0x00000006c8800000|  0%| F|  |TAMS 0x00000006c8600000, 0x00000006c8600000| Untracked 
|  68|0x00000006c8800000, 0x00000006c8800000, 0x00000006c8a00000|  0%| F|  |TAMS 0x00000006c8800000, 0x00000006c8800000| Untracked 
|  69|0x00000006c8a00000, 0x00000006c8a00000, 0x00000006c8c00000|  0%| F|  |TAMS 0x00000006c8a00000, 0x00000006c8a00000| Untracked 
|  70|0x00000006c8c00000, 0x00000006c8c00000, 0x00000006c8e00000|  0%| F|  |TAMS 0x00000006c8c00000, 0x00000006c8c00000| Untracked 
|  71|0x00000006c8e00000, 0x00000006c8e00000, 0x00000006c9000000|  0%| F|  |TAMS 0x00000006c8e00000, 0x00000006c8e00000| Untracked 
|  72|0x00000006c9000000, 0x00000006c9000000, 0x00000006c9200000|  0%| F|  |TAMS 0x00000006c9000000, 0x00000006c9000000| Untracked 
|  73|0x00000006c9200000, 0x00000006c9200000, 0x00000006c9400000|  0%| F|  |TAMS 0x00000006c9200000, 0x00000006c9200000| Untracked 
|  74|0x00000006c9400000, 0x00000006c9400000, 0x00000006c9600000|  0%| F|  |TAMS 0x00000006c9400000, 0x00000006c9400000| Untracked 
|  75|0x00000006c9600000, 0x00000006c9600000, 0x00000006c9800000|  0%| F|  |TAMS 0x00000006c9600000, 0x00000006c9600000| Untracked 
|  76|0x00000006c9800000, 0x00000006c9800000, 0x00000006c9a00000|  0%| F|  |TAMS 0x00000006c9800000, 0x00000006c9800000| Untracked 
|  77|0x00000006c9a00000, 0x00000006c9a00000, 0x00000006c9c00000|  0%| F|  |TAMS 0x00000006c9a00000, 0x00000006c9a00000| Untracked 
|  78|0x00000006c9c00000, 0x00000006c9c00000, 0x00000006c9e00000|  0%| F|  |TAMS 0x00000006c9c00000, 0x00000006c9c00000| Untracked 
|  79|0x00000006c9e00000, 0x00000006c9e00000, 0x00000006ca000000|  0%| F|  |TAMS 0x00000006c9e00000, 0x00000006c9e00000| Untracked 
|  80|0x00000006ca000000, 0x00000006ca000000, 0x00000006ca200000|  0%| F|  |TAMS 0x00000006ca000000, 0x00000006ca000000| Untracked 
|  81|0x00000006ca200000, 0x00000006ca200000, 0x00000006ca400000|  0%| F|  |TAMS 0x00000006ca200000, 0x00000006ca200000| Untracked 
|  82|0x00000006ca400000, 0x00000006ca400000, 0x00000006ca600000|  0%| F|  |TAMS 0x00000006ca400000, 0x00000006ca400000| Untracked 
|  83|0x00000006ca600000, 0x00000006ca600000, 0x00000006ca800000|  0%| F|  |TAMS 0x00000006ca600000, 0x00000006ca600000| Untracked 
|  84|0x00000006ca800000, 0x00000006ca800000, 0x00000006caa00000|  0%| F|  |TAMS 0x00000006ca800000, 0x00000006ca800000| Untracked 
|  85|0x00000006caa00000, 0x00000006caa00000, 0x00000006cac00000|  0%| F|  |TAMS 0x00000006caa00000, 0x00000006caa00000| Untracked 
|  86|0x00000006cac00000, 0x00000006cac00000, 0x00000006cae00000|  0%| F|  |TAMS 0x00000006cac00000, 0x00000006cac00000| Untracked 
|  87|0x00000006cae00000, 0x00000006cae00000, 0x00000006cb000000|  0%| F|  |TAMS 0x00000006cae00000, 0x00000006cae00000| Untracked 
|  88|0x00000006cb000000, 0x00000006cb000000, 0x00000006cb200000|  0%| F|  |TAMS 0x00000006cb000000, 0x00000006cb000000| Untracked 
|  89|0x00000006cb200000, 0x00000006cb200000, 0x00000006cb400000|  0%| F|  |TAMS 0x00000006cb200000, 0x00000006cb200000| Untracked 
|  90|0x00000006cb400000, 0x00000006cb400000, 0x00000006cb600000|  0%| F|  |TAMS 0x00000006cb400000, 0x00000006cb400000| Untracked 
|  91|0x00000006cb600000, 0x00000006cb600000, 0x00000006cb800000|  0%| F|  |TAMS 0x00000006cb600000, 0x00000006cb600000| Untracked 
|  92|0x00000006cb800000, 0x00000006cb800000, 0x00000006cba00000|  0%| F|  |TAMS 0x00000006cb800000, 0x00000006cb800000| Untracked 
|  93|0x00000006cba00000, 0x00000006cba00000, 0x00000006cbc00000|  0%| F|  |TAMS 0x00000006cba00000, 0x00000006cba00000| Untracked 
|  94|0x00000006cbc00000, 0x00000006cbc00000, 0x00000006cbe00000|  0%| F|  |TAMS 0x00000006cbc00000, 0x00000006cbc00000| Untracked 
|  95|0x00000006cbe00000, 0x00000006cbe00000, 0x00000006cc000000|  0%| F|  |TAMS 0x00000006cbe00000, 0x00000006cbe00000| Untracked 
|  96|0x00000006cc000000, 0x00000006cc000000, 0x00000006cc200000|  0%| F|  |TAMS 0x00000006cc000000, 0x00000006cc000000| Untracked 
|  97|0x00000006cc200000, 0x00000006cc200000, 0x00000006cc400000|  0%| F|  |TAMS 0x00000006cc200000, 0x00000006cc200000| Untracked 
|  98|0x00000006cc400000, 0x00000006cc400000, 0x00000006cc600000|  0%| F|  |TAMS 0x00000006cc400000, 0x00000006cc400000| Untracked 
|  99|0x00000006cc600000, 0x00000006cc600000, 0x00000006cc800000|  0%| F|  |TAMS 0x00000006cc600000, 0x00000006cc600000| Untracked 
| 100|0x00000006cc800000, 0x00000006cc800000, 0x00000006cca00000|  0%| F|  |TAMS 0x00000006cc800000, 0x00000006cc800000| Untracked 
| 101|0x00000006cca00000, 0x00000006cca00000, 0x00000006ccc00000|  0%| F|  |TAMS 0x00000006cca00000, 0x00000006cca00000| Untracked 
| 102|0x00000006ccc00000, 0x00000006ccc00000, 0x00000006cce00000|  0%| F|  |TAMS 0x00000006ccc00000, 0x00000006ccc00000| Untracked 
| 103|0x00000006cce00000, 0x00000006cce00000, 0x00000006cd000000|  0%| F|  |TAMS 0x00000006cce00000, 0x00000006cce00000| Untracked 
| 104|0x00000006cd000000, 0x00000006cd000000, 0x00000006cd200000|  0%| F|  |TAMS 0x00000006cd000000, 0x00000006cd000000| Untracked 
| 105|0x00000006cd200000, 0x00000006cd200000, 0x00000006cd400000|  0%| F|  |TAMS 0x00000006cd200000, 0x00000006cd200000| Untracked 
| 106|0x00000006cd400000, 0x00000006cd400000, 0x00000006cd600000|  0%| F|  |TAMS 0x00000006cd400000, 0x00000006cd400000| Untracked 
| 107|0x00000006cd600000, 0x00000006cd600000, 0x00000006cd800000|  0%| F|  |TAMS 0x00000006cd600000, 0x00000006cd600000| Untracked 
| 108|0x00000006cd800000, 0x00000006cd800000, 0x00000006cda00000|  0%| F|  |TAMS 0x00000006cd800000, 0x00000006cd800000| Untracked 
| 109|0x00000006cda00000, 0x00000006cda00000, 0x00000006cdc00000|  0%| F|  |TAMS 0x00000006cda00000, 0x00000006cda00000| Untracked 
| 110|0x00000006cdc00000, 0x00000006cdc00000, 0x00000006cde00000|  0%| F|  |TAMS 0x00000006cdc00000, 0x00000006cdc00000| Untracked 
| 111|0x00000006cde00000, 0x00000006cde00000, 0x00000006ce000000|  0%| F|  |TAMS 0x00000006cde00000, 0x00000006cde00000| Untracked 
| 112|0x00000006ce000000, 0x00000006ce000000, 0x00000006ce200000|  0%| F|  |TAMS 0x00000006ce000000, 0x00000006ce000000| Untracked 
| 113|0x00000006ce200000, 0x00000006ce200000, 0x00000006ce400000|  0%| F|  |TAMS 0x00000006ce200000, 0x00000006ce200000| Untracked 
| 114|0x00000006ce400000, 0x00000006ce400000, 0x00000006ce600000|  0%| F|  |TAMS 0x00000006ce400000, 0x00000006ce400000| Untracked 
| 115|0x00000006ce600000, 0x00000006ce600000, 0x00000006ce800000|  0%| F|  |TAMS 0x00000006ce600000, 0x00000006ce600000| Untracked 
| 116|0x00000006ce800000, 0x00000006ce800000, 0x00000006cea00000|  0%| F|  |TAMS 0x00000006ce800000, 0x00000006ce800000| Untracked 
| 117|0x00000006cea00000, 0x00000006cea00000, 0x00000006cec00000|  0%| F|  |TAMS 0x00000006cea00000, 0x00000006cea00000| Untracked 
| 118|0x00000006cec00000, 0x00000006cec720b0, 0x00000006cee00000| 22%| E|  |TAMS 0x00000006cec00000, 0x00000006cec00000| Complete 
| 119|0x00000006cee00000, 0x00000006cf000000, 0x00000006cf000000|100%| E|CS|TAMS 0x00000006cee00000, 0x00000006cee00000| Complete 
| 120|0x00000006cf000000, 0x00000006cf200000, 0x00000006cf200000|100%| E|CS|TAMS 0x00000006cf000000, 0x00000006cf000000| Complete 
| 121|0x00000006cf200000, 0x00000006cf400000, 0x00000006cf400000|100%| E|CS|TAMS 0x00000006cf200000, 0x00000006cf200000| Complete 
| 122|0x00000006cf400000, 0x00000006cf600000, 0x00000006cf600000|100%| E|CS|TAMS 0x00000006cf400000, 0x00000006cf400000| Complete 
| 123|0x00000006cf600000, 0x00000006cf800000, 0x00000006cf800000|100%| E|CS|TAMS 0x00000006cf600000, 0x00000006cf600000| Complete 
| 124|0x00000006cf800000, 0x00000006cfa00000, 0x00000006cfa00000|100%| E|CS|TAMS 0x00000006cf800000, 0x00000006cf800000| Complete 
| 125|0x00000006cfa00000, 0x00000006cfc00000, 0x00000006cfc00000|100%| E|CS|TAMS 0x00000006cfa00000, 0x00000006cfa00000| Complete 
| 126|0x00000006cfc00000, 0x00000006cfe00000, 0x00000006cfe00000|100%| E|CS|TAMS 0x00000006cfc00000, 0x00000006cfc00000| Complete 
| 127|0x00000006cfe00000, 0x00000006d0000000, 0x00000006d0000000|100%| E|CS|TAMS 0x00000006cfe00000, 0x00000006cfe00000| Complete 

Card table byte_map: [0x000000012076c000,0x0000000120f6c000] _byte_map_base: 0x000000011d16c000

Marking Bits (Prev, Next): (CMBitMap*) 0x0000000149034210, (CMBitMap*) 0x0000000149034250
 Prev Bits: [0x000000012176c000, 0x000000012576c000)
 Next Bits: [0x000000012576c000, 0x000000012976c000)

Polling page: 0x0000000102e90000

Metaspace:

Usage:
  Non-class:      8.91 MB used.
      Class:   1004.38 KB used.
       Both:      9.89 MB used.

Virtual space:
  Non-class space:       16.00 MB reserved,       9.06 MB ( 57%) committed,  2 nodes.
      Class space:        1.00 GB reserved,       1.12 MB ( <1%) committed,  1 nodes.
              Both:        1.02 GB reserved,      10.19 MB ( <1%) committed. 

Chunk freelists:
   Non-Class:  2.48 MB
       Class:  2.73 MB
        Both:  5.22 MB

MaxMetaspaceSize: 17179869184.00 GB
CompressedClassSpaceSize: 1.00 GB
 - commit_granule_bytes: 65536.
 - commit_granule_words: 8192.
 - virtual_space_node_default_size: 1048576.
 - enlarge_chunks_in_place: 1.
 - new_chunks_are_fully_committed: 0.
 - uncommit_free_chunks: 1.
 - use_allocation_guard: 0.
 - handle_deallocations: 1.


Internal statistics:

num_allocs_failed_limit: 0.
num_arena_births: 94.
num_arena_deaths: 0.
num_vsnodes_births: 3.
num_vsnodes_deaths: 0.
num_space_committed: 163.
num_space_uncommitted: 0.
num_chunks_returned_to_freelist: 0.
num_chunks_taken_from_freelist: 187.
num_chunk_merges: 0.
num_chunk_splits: 111.
num_chunks_enlarged: 86.
num_purges: 0.

CodeHeap 'non-profiled nmethods': size=120032Kb used=240Kb max_used=240Kb free=119791Kb
 bounds [0x0000000118a34000, 0x0000000118ca4000, 0x000000011ff6c000]
CodeHeap 'profiled nmethods': size=120016Kb used=1558Kb max_used=1558Kb free=118457Kb
 bounds [0x0000000111500000, 0x0000000111770000, 0x0000000118a34000]
CodeHeap 'non-nmethods': size=5712Kb used=1078Kb max_used=1117Kb free=4633Kb
 bounds [0x0000000110f6c000, 0x00000001111dc000, 0x0000000111500000]
 total_blobs=1164 nmethods=785 adapters=296
 compilation: enabled
              stopped_count=0, restarted_count=0
 full_count=0

Compilation events (20 events):
Event: 0.427 Thread 0x0000000138809800 nmethod 782 0x0000000111675490 code [0x0000000111675a00, 0x0000000111677908]
Event: 0.427 Thread 0x0000000138809800  784       3       java.lang.String::<init> (55 bytes)
Event: 0.427 Thread 0x0000000138809800 nmethod 784 0x0000000111678410 code [0x0000000111678600, 0x00000001116789f8]
Event: 0.427 Thread 0x0000000138809800  783   !   3       java.lang.StringCoding::decode (362 bytes)
Event: 0.428 Thread 0x0000000138809800 nmethod 783 0x0000000111678c10 code [0x0000000111679240, 0x000000011167bbf8]
Event: 0.428 Thread 0x0000000138809800  787       3       java.nio.DirectIntBufferU::ix (10 bytes)
Event: 0.428 Thread 0x0000000138809800 nmethod 787 0x000000011167c990 code [0x000000011167cb40, 0x000000011167cca8]
Event: 0.428 Thread 0x0000000138809800  786   !   3       java.lang.ClassLoader::addClass (27 bytes)
Event: 0.428 Thread 0x0000000138809800 nmethod 786 0x000000011167cd10 code [0x000000011167cf00, 0x000000011167d558]
Event: 0.428 Thread 0x0000000138809800  790       3       jdk.internal.loader.URLClassPath$JarLoader$2::getCodeSourceURL (8 bytes)
Event: 0.428 Thread 0x0000000138809800 nmethod 790 0x000000011167d890 code [0x000000011167da40, 0x000000011167dba8]
Event: 0.428 Thread 0x0000000138809800  791       3       jdk.internal.loader.URLClassPath$JarLoader$2::getManifest (26 bytes)
Event: 0.428 Thread 0x0000000138809800 nmethod 791 0x000000011167dc90 code [0x000000011167df00, 0x000000011167e698]
Event: 0.428 Thread 0x0000000138809800  792       3       java.util.jar.JavaUtilJarAccessImpl::ensureInitialization (5 bytes)
Event: 0.428 Thread 0x0000000138809800 nmethod 792 0x000000011167ea10 code [0x000000011167ebc0, 0x000000011167edd8]
Event: 0.428 Thread 0x0000000138809800  793  s!   3       java.util.jar.JarFile::ensureInitialization (74 bytes)
Event: 0.428 Thread 0x0000000138809800 nmethod 793 0x000000011167ee90 code [0x000000011167f0c0, 0x000000011167f7c8]
Event: 0.428 Thread 0x0000000138809800  794       3       java.util.jar.JavaUtilJarAccessImpl::getTrustedAttributes (6 bytes)
Event: 0.428 Thread 0x0000000138809800 nmethod 794 0x000000011167f990 code [0x000000011167fb40, 0x000000011167fd18]
Event: 0.428 Thread 0x0000000138809800  795       3       java.util.jar.Manifest::getTrustedAttributes (57 bytes)

GC Heap History (0 events):
No events

Deoptimization events (20 events):
Event: 0.420 Thread 0x000000014880dc00 DEOPT PACKING pc=0x0000000118a5003c sp=0x000000016d28d680
Event: 0.420 Thread 0x000000014880dc00 DEOPT UNPACKING pc=0x0000000110fa5d9c sp=0x000000016d28d620 mode 2
Event: 0.420 Thread 0x000000014880dc00 Uncommon trap: trap_request=0xffffffde fr.pc=0x0000000118a5003c relative=0x00000000000003bc
Event: 0.420 Thread 0x000000014880dc00 Uncommon trap: reason=class_check action=maybe_recompile pc=0x0000000118a5003c method=java.util.regex.Matcher.match(II)Z @ 121 c2
Event: 0.420 Thread 0x000000014880dc00 DEOPT PACKING pc=0x0000000118a5003c sp=0x000000016d28d680
Event: 0.420 Thread 0x000000014880dc00 DEOPT UNPACKING pc=0x0000000110fa5d9c sp=0x000000016d28d620 mode 2
Event: 0.420 Thread 0x000000014880dc00 Uncommon trap: trap_request=0xffffffde fr.pc=0x0000000118a5003c relative=0x00000000000003bc
Event: 0.420 Thread 0x000000014880dc00 Uncommon trap: reason=class_check action=maybe_recompile pc=0x0000000118a5003c method=java.util.regex.Matcher.match(II)Z @ 121 c2
Event: 0.420 Thread 0x000000014880dc00 DEOPT PACKING pc=0x0000000118a5003c sp=0x000000016d28d4f0
Event: 0.420 Thread 0x000000014880dc00 DEOPT UNPACKING pc=0x0000000110fa5d9c sp=0x000000016d28d490 mode 2
Event: 0.420 Thread 0x000000014880dc00 Uncommon trap: trap_request=0xffffffde fr.pc=0x0000000118a5003c relative=0x00000000000003bc
Event: 0.420 Thread 0x000000014880dc00 Uncommon trap: reason=class_check action=maybe_recompile pc=0x0000000118a5003c method=java.util.regex.Matcher.match(II)Z @ 121 c2
Event: 0.420 Thread 0x000000014880dc00 DEOPT PACKING pc=0x0000000118a5003c sp=0x000000016d28d4f0
Event: 0.420 Thread 0x000000014880dc00 DEOPT UNPACKING pc=0x0000000110fa5d9c sp=0x000000016d28d490 mode 2
Event: 0.426 Thread 0x000000014880dc00 DEOPT PACKING pc=0x0000000111564a58 sp=0x000000016d28c8d0
Event: 0.426 Thread 0x000000014880dc00 DEOPT UNPACKING pc=0x0000000110fa5bfc sp=0x000000016d28c630 mode 0
Event: 0.427 Thread 0x000000014880dc00 DEOPT PACKING pc=0x000000011155c880 sp=0x000000016d28c2b0
Event: 0.427 Thread 0x000000014880dc00 DEOPT UNPACKING pc=0x0000000110fa5bfc sp=0x000000016d28c0d0 mode 3
Event: 0.427 Thread 0x000000014880dc00 DEOPT PACKING pc=0x00000001115a790c sp=0x000000016d28c960
Event: 0.427 Thread 0x000000014880dc00 DEOPT UNPACKING pc=0x0000000110fa5bfc sp=0x000000016d28c790 mode 3

Classes unloaded (0 events):
No events

Classes redefined (0 events):
No events

Internal exceptions (20 events):
Event: 0.234 Thread 0x000000014880dc00 Exception <a 'java/lang/NoSuchMethodError'{0x00000006cfc03050}: 'java.lang.Object java.lang.invoke.DirectMethodHandle$Holder.getReference(java.lang.Object, java.lang.Object)'> (0x00000006cfc03050) 
thrown [src/hotspot/share/interpreter/linkResolver.cpp, line 790]
Event: 0.234 Thread 0x000000014880dc00 Exception <a 'java/lang/NoSuchMethodError'{0x00000006cfc072e0}: 'java.lang.Object java.lang.invoke.LambdaForm$Holder.identity_L(java.lang.Object, java.lang.Object)'> (0x00000006cfc072e0) 
thrown [src/hotspot/share/interpreter/linkResolver.cpp, line 790]
Event: 0.234 Thread 0x000000014880dc00 Exception <a 'java/lang/NoSuchMethodError'{0x00000006cfc0a220}: 'java.lang.Object java.lang.invoke.LambdaForm$Holder.zero_L(java.lang.Object)'> (0x00000006cfc0a220) 
thrown [src/hotspot/share/interpreter/linkResolver.cpp, line 790]
Event: 0.235 Thread 0x000000014880dc00 Exception <a 'java/lang/NoSuchMethodError'{0x00000006cfc10988}: 'java.lang.Object java.lang.invoke.DirectMethodHandle$Holder.invokeSpecial(java.lang.Object, java.lang.Object)'> (0x00000006cfc10988) 
thrown [src/hotspot/share/interpreter/linkResolver.cpp, line 790]
Event: 0.235 Thread 0x000000014880dc00 Exception <a 'java/lang/NoSuchMethodError'{0x00000006cfc14268}: 'java.lang.Object java.lang.invoke.Invokers$Holder.linkToTargetMethod(java.lang.Object)'> (0x00000006cfc14268) 
thrown [src/hotspot/share/interpreter/linkResolver.cpp, line 790]
Event: 0.236 Thread 0x000000014880dc00 Exception <a 'java/lang/NoSuchMethodError'{0x00000006cfc1de98}: 'java.lang.Object java.lang.invoke.DirectMethodHandle$Holder.newInvokeSpecial(java.lang.Object, java.lang.Object)'> (0x00000006cfc1de98) 
thrown [src/hotspot/share/interpreter/linkResolver.cpp, line 790]
Event: 0.236 Thread 0x000000014880dc00 Exception <a 'java/lang/NoSuchMethodError'{0x00000006cfc21de0}: 'java.lang.Object java.lang.invoke.DirectMethodHandle$Holder.invokeSpecial(java.lang.Object, java.lang.Object, java.lang.Object)'> (0x00000006cfc21de0) 
thrown [src/hotspot/share/interpreter/linkResolver.cpp, line 790]
Event: 0.236 Thread 0x000000014880dc00 Exception <a 'java/lang/NoSuchMethodError'{0x00000006cfc25570}: 'java.lang.Object java.lang.invoke.Invokers$Holder.linkToTargetMethod(java.lang.Object, java.lang.Object)'> (0x00000006cfc25570) 
thrown [src/hotspot/share/interpreter/linkResolver.cpp, line 790]
Event: 0.284 Thread 0x000000014880dc00 Exception <a 'java/lang/NoSuchMethodError'{0x00000006cfdceee0}: 'int java.lang.invoke.DirectMethodHandle$Holder.invokeStatic(java.lang.Object, java.lang.Object)'> (0x00000006cfdceee0) 
thrown [src/hotspot/share/interpreter/linkResolver.cpp, line 790]
Event: 0.284 Thread 0x000000014880dc00 Exception <a 'java/lang/NoSuchMethodError'{0x00000006cfdd2838}: 'int java.lang.invoke.DirectMethodHandle$Holder.invokeStaticInit(java.lang.Object, java.lang.Object)'> (0x00000006cfdd2838) 
thrown [src/hotspot/share/interpreter/linkResolver.cpp, line 790]
Event: 0.385 Thread 0x000000014880dc00 Exception <a 'java/lang/NoSuchMethodError'{0x00000006cf046430}: 'java.lang.Object java.lang.invoke.DirectMethodHandle$Holder.invokeStatic(java.lang.Object, java.lang.Object)'> (0x00000006cf046430) 
thrown [src/hotspot/share/interpreter/linkResolver.cpp, line 790]
Event: 0.396 Thread 0x000000014880dc00 Exception <a 'java/lang/NoSuchMethodError'{0x00000006cf13e218}: 'java.lang.Object java.lang.invoke.DirectMethodHandle$Holder.invokeStatic(java.lang.Object, java.lang.Object, java.lang.Object, java.lang.Object, java.lang.Object, java.lang.Object)'> (0x00000006cf13e218) 
thrown [src/hotspot/share/interpreter/linkResolver.cpp, line 790]
Event: 0.396 Thread 0x000000014880dc00 Exception <a 'java/lang/NoSuchMethodError'{0x00000006cf142928}: 'java.lang.Object java.lang.invoke.DirectMethodHandle$Holder.invokeSpecial(java.lang.Object, java.lang.Object, java.lang.Object, java.lang.Object, java.lang.Object, java.lang.Object, java.lang.Object)'> (0x00000006cf142928) 
thrown [src/hotspot/share/interpreter/linkResolver.cpp, line 790]
Event: 0.396 Thread 0x000000014880dc00 Exception <a 'java/lang/NoSuchMethodError'{0x00000006cf146f58}: 'java.lang.Object java.lang.invoke.DelegatingMethodHandle$Holder.delegate(java.lang.Object, java.lang.Object, java.lang.Object, java.lang.Object, java.lang.Object, java.lang.Object)'> (0x00000006cf146f58) 
thrown [src/hotspot/share/interpreter/linkResolver.cpp, line 790]
Event: 0.396 Thread 0x000000014880dc00 Exception <a 'java/lang/NoSuchMethodError'{0x00000006cf14b428}: 'java.lang.Object java.lang.invoke.Invokers$Holder.invokeExact_MT(java.lang.Object, java.lang.Object, java.lang.Object, java.lang.Object, java.lang.Object, java.lang.Object, java.lang.Object)'> (0x00000006cf14b428) 
thrown [src/hotspot/share/interpreter/linkResolver.cpp, line 790]
Event: 0.397 Thread 0x000000014880dc00 Exception <a 'java/lang/NoSuchMethodError'{0x00000006cf1627a8}: 'java.lang.Object java.lang.invoke.DirectMethodHandle$Holder.invokeStatic(java.lang.Object, java.lang.Object, java.lang.Object, java.lang.Object, java.lang.Object)'> (0x00000006cf1627a8) 
thrown [src/hotspot/share/interpreter/linkResolver.cpp, line 790]
Event: 0.402 Thread 0x000000014880dc00 Exception <a 'java/lang/NoSuchMethodError'{0x00000006cf176440}: 'int java.lang.invoke.DirectMethodHandle$Holder.invokeSpecial(java.lang.Object, java.lang.Object)'> (0x00000006cf176440) 
thrown [src/hotspot/share/interpreter/linkResolver.cpp, line 790]
Event: 0.402 Thread 0x000000014880dc00 Exception <a 'java/lang/NoSuchMethodError'{0x00000006cf17c558}: 'java.lang.Object java.lang.invoke.DirectMethodHandle$Holder.newInvokeSpecial(java.lang.Object)'> (0x00000006cf17c558) 
thrown [src/hotspot/share/interpreter/linkResolver.cpp, line 790]
Event: 0.421 Thread 0x000000014880dc00 Exception <a 'java/lang/NoSuchMethodError'{0x00000006cef97978}: 'void java.lang.invoke.DirectMethodHandle$Holder.invokeStatic(java.lang.Object, java.lang.Object)'> (0x00000006cef97978) 
thrown [src/hotspot/share/interpreter/linkResolver.cpp, line 790]
Event: 0.428 Thread 0x000000014880dc00 Exception <a 'java/lang/NoClassDefFoundError'{0x00000006cec310f8}: org/slf4j/impl/StaticMarkerBinder> (0x00000006cec310f8) 
thrown [src/hotspot/share/classfile/systemDictionary.cpp, line 245]

Events (20 events):
Event: 0.424 loading class java/lang/reflect/WildcardType
Event: 0.424 loading class java/lang/reflect/WildcardType done
Event: 0.425 loading class java/util/MissingResourceException
Event: 0.425 loading class java/util/MissingResourceException done
Event: 0.426 loading class java/util/logging/ErrorManager
Event: 0.426 loading class java/util/logging/ErrorManager done
Event: 0.426 loading class java/io/StringWriter
Event: 0.426 loading class java/io/StringWriter done
Event: 0.427 loading class java/text/ParseException
Event: 0.427 loading class java/text/ParseException done
Event: 0.427 loading class java/util/regex/Pattern$Curly
Event: 0.427 loading class java/util/regex/Pattern$Curly done
Event: 0.427 loading class java/util/regex/Pattern$Loop
Event: 0.427 loading class java/util/regex/Pattern$Loop done
Event: 0.427 loading class java/util/regex/Pattern$Prolog
Event: 0.427 loading class java/util/regex/Pattern$Prolog done
Event: 0.427 loading class jdk/internal/misc/ScopedMemoryAccess$Scope
Event: 0.427 loading class jdk/internal/misc/ScopedMemoryAccess$Scope done
Event: 0.427 loading class java/net/URLClassLoader$2
Event: 0.427 loading class java/net/URLClassLoader$2 done


Dynamic libraries:
0x00000001a906d000 	/usr/lib/libz.1.dylib
0x0000000102e28000 	/Library/Java/JavaVirtualMachines/zulu-16.jdk/Contents/Home/lib/libjli.dylib
0x00000001b3577000 	/System/Library/Frameworks/Cocoa.framework/Versions/A/Cocoa
0x00000001a14ba000 	/System/Library/Frameworks/Security.framework/Versions/A/Security
0x00000001b18e5000 	/System/Library/Frameworks/ApplicationServices.framework/Versions/A/ApplicationServices
0x00000001a9113000 	/usr/lib/libSystem.B.dylib
0x00000001a910d000 	/usr/lib/system/libcache.dylib
0x00000001a90cc000 	/usr/lib/system/libcommonCrypto.dylib
0x00000001a90f6000 	/usr/lib/system/libcompiler_rt.dylib
0x00000001a90ed000 	/usr/lib/system/libcopyfile.dylib
0x000000019f430000 	/usr/lib/system/libcorecrypto.dylib
0x000000019f4d0000 	/usr/lib/system/libdispatch.dylib
0x000000019f689000 	/usr/lib/system/libdyld.dylib
0x00000001a9103000 	/usr/lib/system/libkeymgr.dylib
0x00000001ac534000 	/usr/lib/system/liblaunch.dylib
0x00000001a90ae000 	/usr/lib/system/libmacho.dylib
0x00000001a8920000 	/usr/lib/system/libquarantine.dylib
0x00000001a9100000 	/usr/lib/system/libremovefile.dylib
0x00000001a3f16000 	/usr/lib/system/libsystem_asl.dylib
0x000000019f3de000 	/usr/lib/system/libsystem_blocks.dylib
0x000000019f552000 	/usr/lib/system/libsystem_c.dylib
0x00000001a90fa000 	/usr/lib/system/libsystem_collections.dylib
0x00000001a7f5a000 	/usr/lib/system/libsystem_configuration.dylib
0x00000001a72dd000 	/usr/lib/system/libsystem_containermanager.dylib
0x00000001a8e83000 	/usr/lib/system/libsystem_coreservices.dylib
0x00000001a1a91000 	/usr/lib/system/libsystem_darwin.dylib
0x00000001a9104000 	/usr/lib/system/libsystem_dnssd.dylib
0x000000019f54f000 	/usr/lib/system/libsystem_featureflags.dylib
0x000000019f6d2000 	/usr/lib/system/libsystem_info.dylib
0x00000001a907f000 	/usr/lib/system/libsystem_m.dylib
0x000000019f4a4000 	/usr/lib/system/libsystem_malloc.dylib
0x00000001a3eb1000 	/usr/lib/system/libsystem_networkextension.dylib
0x00000001a1ed4000 	/usr/lib/system/libsystem_notify.dylib
0x00000001ae9e2000 	/usr/lib/system/libsystem_product_info_filter.dylib
0x00000001a7f5f000 	/usr/lib/system/libsystem_sandbox.dylib
0x00000001a90fd000 	/usr/lib/system/libsystem_secinit.dylib
0x000000019f648000 	/usr/lib/system/libsystem_kernel.dylib
0x000000019f6cb000 	/usr/lib/system/libsystem_platform.dylib
0x000000019f67c000 	/usr/lib/system/libsystem_pthread.dylib
0x00000001a5483000 	/usr/lib/system/libsystem_symptoms.dylib
0x000000019f418000 	/usr/lib/system/libsystem_trace.dylib
0x00000001a90da000 	/usr/lib/system/libunwind.dylib
0x000000019f3e0000 	/usr/lib/system/libxpc.dylib
0x000000019f630000 	/usr/lib/libc++abi.dylib
0x000000019f515000 	/usr/lib/libobjc.A.dylib
0x00000001a90e5000 	/usr/lib/liboah.dylib
0x000000019f5d4000 	/usr/lib/libc++.1.dylib
0x000000019f6fe000 	/System/Library/Frameworks/CoreFoundation.framework/Versions/A/CoreFoundation
0x00000001a04c5000 	/System/Library/Frameworks/Foundation.framework/Versions/C/Foundation
0x00000001a1f2e000 	/System/Library/Frameworks/AppKit.framework/Versions/C/AppKit
0x00000001a4d4c000 	/System/Library/Frameworks/CoreData.framework/Versions/A/CoreData
0x00000001a2c6e000 	/System/Library/PrivateFrameworks/UIFoundation.framework/Versions/A/UIFoundation
0x00000001ae774000 	/System/Library/PrivateFrameworks/RemoteViewServices.framework/Versions/A/RemoteViewServices
0x00000001a798e000 	/System/Library/PrivateFrameworks/XCTTargetBootstrap.framework/Versions/A/XCTTargetBootstrap
0x00000001aa2cd000 	/usr/lib/libspindump.dylib
0x00000001a2e95000 	/System/Library/Frameworks/UniformTypeIdentifiers.framework/Versions/A/UniformTypeIdentifiers
0x00000001a5f76000 	/usr/lib/libapp_launch_measurement.dylib
0x00000001a5f79000 	/System/Library/PrivateFrameworks/CoreAutoLayout.framework/Versions/A/CoreAutoLayout
0x00000001a730b000 	/System/Library/Frameworks/Metal.framework/Versions/A/Metal
0x00000001a7f6a000 	/usr/lib/liblangid.dylib
0x00000001a7992000 	/System/Library/PrivateFrameworks/CoreSVG.framework/Versions/A/CoreSVG
0x00000001a3f48000 	/System/Library/PrivateFrameworks/SkyLight.framework/Versions/A/SkyLight
0x00000001a42b3000 	/System/Library/Frameworks/CoreGraphics.framework/Versions/A/CoreGraphics
0x00000001aec94000 	/System/Library/Frameworks/Accelerate.framework/Versions/A/Accelerate
0x00000001a9d27000 	/System/Library/PrivateFrameworks/IconServices.framework/Versions/A/IconServices
0x00000001a72ef000 	/System/Library/Frameworks/IOSurface.framework/Versions/A/IOSurface
0x00000001a561a000 	/usr/lib/libDiagnosticMessagesClient.dylib
0x00000001a7976000 	/System/Library/PrivateFrameworks/DFRFoundation.framework/Versions/A/DFRFoundation
0x00000001a181f000 	/usr/lib/libicucore.A.dylib
0x00000001ab81e000 	/System/Library/Frameworks/AudioToolbox.framework/Versions/A/AudioToolbox
0x00000001aaa33000 	/System/Library/PrivateFrameworks/DataDetectorsCore.framework/Versions/A/DataDetectorsCore
0x00000001a3ec3000 	/usr/lib/libMobileGestalt.dylib
0x00000001a766b000 	/System/Library/Frameworks/Carbon.framework/Versions/A/Frameworks/HIToolbox.framework/Versions/A/HIToolbox
0x00000001a5a15000 	/System/Library/Frameworks/QuartzCore.framework/Versions/A/QuartzCore
0x00000001ae7ac000 	/System/Library/Frameworks/Carbon.framework/Versions/A/Frameworks/SpeechRecognition.framework/Versions/A/SpeechRecognition
0x00000001a5d14000 	/System/Library/PrivateFrameworks/CoreUI.framework/Versions/A/CoreUI
0x00000001a0e9f000 	/System/Library/Frameworks/CoreAudio.framework/Versions/A/CoreAudio
0x00000001a5703000 	/System/Library/Frameworks/DiskArbitration.framework/Versions/A/DiskArbitration
0x00000001aa680000 	/System/Library/PrivateFrameworks/MultitouchSupport.framework/Versions/A/MultitouchSupport
0x00000001aaa2a000 	/System/Library/PrivateFrameworks/InternationalSupport.framework/Versions/A/InternationalSupport
0x00000001a3ec1000 	/usr/lib/libenergytrace.dylib
0x00000001a1e08000 	/System/Library/Frameworks/IOKit.framework/Versions/A/IOKit
0x00000001aead7000 	/System/Library/Frameworks/CoreServices.framework/Versions/A/CoreServices
0x00000001a5f0c000 	/System/Library/PrivateFrameworks/PerformanceAnalysis.framework/Versions/A/PerformanceAnalysis
0x00000001e1678000 	/System/Library/Frameworks/OpenGL.framework/Versions/A/OpenGL
0x00000001aaaa8000 	/System/Library/PrivateFrameworks/UserActivity.framework/Versions/A/UserActivity
0x00000001a48a1000 	/System/Library/Frameworks/ColorSync.framework/Versions/A/ColorSync
0x00000001a7bdc000 	/System/Library/Frameworks/CoreImage.framework/Versions/A/CoreImage
0x00000001a0ccf000 	/System/Library/Frameworks/CoreText.framework/Versions/A/CoreText
0x00000001a79bd000 	/System/Library/Frameworks/ImageIO.framework/Versions/A/ImageIO
0x00000001a9119000 	/System/Library/PrivateFrameworks/SoftLinking.framework/Versions/A/SoftLinking
0x00000001a5fbc000 	/usr/lib/libxml2.2.dylib
0x00000001a9399000 	/usr/lib/libcompression.dylib
0x00000001aa976000 	/System/Library/PrivateFrameworks/TextureIO.framework/Versions/A/TextureIO
0x00000001a9a84000 	/usr/lib/libate.dylib
0x00000001a98cd000 	/usr/lib/liblzma.5.dylib
0x00000001a01da000 	/System/Library/Frameworks/SystemConfiguration.framework/Versions/A/SystemConfiguration
0x00000001a9115000 	/usr/lib/libfakelink.dylib
0x00000001a3a28000 	/System/Library/Frameworks/CFNetwork.framework/Versions/A/CFNetwork
0x00000001a925f000 	/usr/lib/libarchive.2.dylib
0x00000001a0262000 	/usr/lib/libCRFSuite.dylib
0x00000001a894a000 	/usr/lib/libbsm.0.dylib
0x00000001a32df000 	/usr/lib/libnetwork.dylib
0x00000001a911a000 	/usr/lib/libpcap.A.dylib
0x00000001a547b000 	/usr/lib/libdns_services.dylib
0x00000001a98e6000 	/usr/lib/libcoretls_cfhelpers.dylib
0x00000001a9368000 	/usr/lib/libapple_nghttp2.dylib
0x00000001a90b4000 	/usr/lib/system/libkxld.dylib
0x00000001a510c000 	/usr/lib/libsqlite3.dylib
0x00000001a8e66000 	/System/Library/PrivateFrameworks/AppleFSCompression.framework/Versions/A/AppleFSCompression
0x00000001a8933000 	/usr/lib/libcoretls.dylib
0x00000001a9394000 	/usr/lib/libpam.2.dylib
0x00000001a99cd000 	/usr/lib/libxar.1.dylib
0x00000001a7f66000 	/System/Library/PrivateFrameworks/AppleSystemInfo.framework/Versions/A/AppleSystemInfo
0x00000001a8583000 	/System/Library/PrivateFrameworks/IOMobileFramebuffer.framework/Versions/A/IOMobileFramebuffer
0x00000001a8e76000 	/usr/lib/libbz2.1.0.dylib
0x00000001a9156000 	/usr/lib/libiconv.2.dylib
0x00000001a90ad000 	/usr/lib/libcharset.1.dylib
0x00000001a5f45000 	/System/Library/Frameworks/CoreServices.framework/Versions/A/Frameworks/FSEvents.framework/Versions/A/FSEvents
0x00000001a1a9c000 	/System/Library/Frameworks/CoreServices.framework/Versions/A/Frameworks/CarbonCore.framework/Versions/A/CarbonCore
0x00000001a5669000 	/System/Library/Frameworks/CoreServices.framework/Versions/A/Frameworks/Metadata.framework/Versions/A/Metadata
0x00000001a8e88000 	/System/Library/Frameworks/CoreServices.framework/Versions/A/Frameworks/OSServices.framework/Versions/A/OSServices
0x00000001a92d0000 	/System/Library/Frameworks/CoreServices.framework/Versions/A/Frameworks/SearchKit.framework/Versions/A/SearchKit
0x00000001a5407000 	/System/Library/Frameworks/CoreServices.framework/Versions/A/Frameworks/AE.framework/Versions/A/AE
0x000000019fbad000 	/System/Library/Frameworks/CoreServices.framework/Versions/A/Frameworks/LaunchServices.framework/Versions/A/LaunchServices
0x00000001a987a000 	/System/Library/Frameworks/CoreServices.framework/Versions/A/Frameworks/DictionaryServices.framework/Versions/A/DictionaryServices
0x00000001a5f52000 	/System/Library/Frameworks/CoreServices.framework/Versions/A/Frameworks/SharedFileList.framework/Versions/A/SharedFileList
0x00000001a8923000 	/usr/lib/libCheckFix.dylib
0x00000001a3f2e000 	/System/Library/PrivateFrameworks/TCC.framework/Versions/A/TCC
0x00000001a7f6c000 	/System/Library/PrivateFrameworks/CoreNLP.framework/Versions/A/CoreNLP
0x00000001a561d000 	/System/Library/PrivateFrameworks/MetadataUtilities.framework/Versions/A/MetadataUtilities
0x00000001a0296000 	/usr/lib/libmecabra.dylib
0x00000001a8c09000 	/System/Library/Frameworks/MLCompute.framework/Versions/A/MLCompute
0x00000001a895b000 	/usr/lib/libmecab.dylib
0x00000001a89a1000 	/usr/lib/libgermantok.dylib
0x00000001a9341000 	/usr/lib/libThaiTokenizer.dylib
0x00000001a9a09000 	/usr/lib/libChineseTokenizer.dylib
0x00000001a9392000 	/System/Library/Frameworks/MetalPerformanceShaders.framework/Versions/A/MetalPerformanceShaders
0x00000001a570a000 	/System/Library/Frameworks/Accelerate.framework/Versions/A/Frameworks/vImage.framework/Versions/A/vImage
0x00000001aeab5000 	/System/Library/Frameworks/Accelerate.framework/Versions/A/Frameworks/vecLib.framework/Versions/A/vecLib
0x00000001a9a14000 	/System/Library/Frameworks/Accelerate.framework/Versions/A/Frameworks/vecLib.framework/Versions/A/libvMisc.dylib
0x00000001a84c1000 	/System/Library/Frameworks/Accelerate.framework/Versions/A/Frameworks/vecLib.framework/Versions/A/libvDSP.dylib
0x000000019fec0000 	/System/Library/Frameworks/Accelerate.framework/Versions/A/Frameworks/vecLib.framework/Versions/A/libBLAS.dylib
0x00000001a93bd000 	/System/Library/Frameworks/Accelerate.framework/Versions/A/Frameworks/vecLib.framework/Versions/A/libLAPACK.dylib
0x00000001a89a6000 	/System/Library/Frameworks/Accelerate.framework/Versions/A/Frameworks/vecLib.framework/Versions/A/libLinearAlgebra.dylib
0x00000001a937f000 	/System/Library/Frameworks/Accelerate.framework/Versions/A/Frameworks/vecLib.framework/Versions/A/libSparseBLAS.dylib
0x00000001a93b8000 	/System/Library/Frameworks/Accelerate.framework/Versions/A/Frameworks/vecLib.framework/Versions/A/libQuadrature.dylib
0x00000001a8002000 	/System/Library/Frameworks/Accelerate.framework/Versions/A/Frameworks/vecLib.framework/Versions/A/libBNNS.dylib
0x00000001a0176000 	/System/Library/Frameworks/Accelerate.framework/Versions/A/Frameworks/vecLib.framework/Versions/A/libSparse.dylib
0x00000001a7ef5000 	/System/Library/Frameworks/MetalPerformanceShaders.framework/Versions/A/Frameworks/MPSCore.framework/Versions/A/MPSCore
0x00000001a8dde000 	/System/Library/Frameworks/MetalPerformanceShaders.framework/Versions/A/Frameworks/MPSImage.framework/Versions/A/MPSImage
0x00000001a89bb000 	/System/Library/Frameworks/MetalPerformanceShaders.framework/Versions/A/Frameworks/MPSNeuralNetwork.framework/Versions/A/MPSNeuralNetwork
0x00000001a8d5c000 	/System/Library/Frameworks/MetalPerformanceShaders.framework/Versions/A/Frameworks/MPSMatrix.framework/Versions/A/MPSMatrix
0x00000001a8bbf000 	/System/Library/Frameworks/MetalPerformanceShaders.framework/Versions/A/Frameworks/MPSRayIntersector.framework/Versions/A/MPSRayIntersector
0x00000001a8d8b000 	/System/Library/Frameworks/MetalPerformanceShaders.framework/Versions/A/Frameworks/MPSNDArray.framework/Versions/A/MPSNDArray
0x000000019fde6000 	/System/Library/PrivateFrameworks/MetalTools.framework/Versions/A/MetalTools
0x00000001a7f64000 	/System/Library/PrivateFrameworks/AggregateDictionary.framework/Versions/A/AggregateDictionary
0x00000001a55e7000 	/System/Library/PrivateFrameworks/CoreAnalytics.framework/Versions/A/CoreAnalytics
0x00000001a9343000 	/System/Library/PrivateFrameworks/AppleSauce.framework/Versions/A/AppleSauce
0x00000001a7301000 	/System/Library/PrivateFrameworks/IOAccelerator.framework/Versions/A/IOAccelerator
0x00000001e166b000 	/System/Library/Frameworks/OpenGL.framework/Versions/A/Libraries/libCoreFSCache.dylib
0x00000001a0852000 	/System/Library/PrivateFrameworks/LanguageModeling.framework/Versions/A/LanguageModeling
0x00000001a8570000 	/System/Library/PrivateFrameworks/CoreEmoji.framework/Versions/A/CoreEmoji
0x00000001a7ffa000 	/System/Library/PrivateFrameworks/LinguisticData.framework/Versions/A/LinguisticData
0x00000001a012b000 	/System/Library/PrivateFrameworks/Lexicon.framework/Versions/A/Lexicon
0x00000001a924c000 	/usr/lib/libcmph.dylib
0x00000001a5f25000 	/System/Library/Frameworks/OpenDirectory.framework/Versions/A/Frameworks/CFOpenDirectory.framework/Versions/A/CFOpenDirectory
0x00000001a5f17000 	/System/Library/Frameworks/OpenDirectory.framework/Versions/A/OpenDirectory
0x00000001a98e8000 	/System/Library/PrivateFrameworks/APFS.framework/Versions/A/APFS
0x00000001a888c000 	/System/Library/Frameworks/SecurityFoundation.framework/Versions/A/SecurityFoundation
0x00000001a99db000 	/usr/lib/libutil.dylib
0x00000001a1dcc000 	/System/Library/PrivateFrameworks/CoreServicesStore.framework/Versions/A/CoreServicesStore
0x00000001a891a000 	/System/Library/Frameworks/ServiceManagement.framework/Versions/A/ServiceManagement
0x00000001a99df000 	/usr/lib/libxslt.1.dylib
0x00000001a8910000 	/System/Library/PrivateFrameworks/BackgroundTaskManagement.framework/Versions/A/BackgroundTaskManagement
0x00000001aa8c5000 	/System/Library/Frameworks/ImageIO.framework/Versions/A/Resources/libRadiance.dylib
0x00000001aa8ce000 	/System/Library/Frameworks/ImageIO.framework/Versions/A/Resources/libJPEG.dylib
0x00000001aa81d000 	/System/Library/Frameworks/ImageIO.framework/Versions/A/Resources/libPng.dylib
0x00000001aa844000 	/System/Library/Frameworks/ImageIO.framework/Versions/A/Resources/libTIFF.dylib
0x00000001aa91f000 	/System/Library/Frameworks/ImageIO.framework/Versions/A/Resources/libGIF.dylib
0x00000001aa59a000 	/System/Library/Frameworks/ImageIO.framework/Versions/A/Resources/libJP2.dylib
0x00000001a9cf1000 	/usr/lib/libexpat.1.dylib
0x00000001aa556000 	/System/Library/PrivateFrameworks/AppleJPEG.framework/Versions/A/AppleJPEG
0x00000001a7512000 	/System/Library/PrivateFrameworks/FontServices.framework/libFontParser.dylib
0x00000001a53b9000 	/System/Library/PrivateFrameworks/RunningBoardServices.framework/Versions/A/RunningBoardServices
0x00000001b3aa6000 	/System/Library/PrivateFrameworks/IOSurfaceAccelerator.framework/Versions/A/IOSurfaceAccelerator
0x00000001aa67c000 	/System/Library/PrivateFrameworks/WatchdogClient.framework/Versions/A/WatchdogClient
0x00000001a0942000 	/System/Library/Frameworks/CoreDisplay.framework/Versions/A/CoreDisplay
0x00000001a741a000 	/System/Library/Frameworks/CoreMedia.framework/Versions/A/CoreMedia
0x00000001a60a9000 	/System/Library/Frameworks/CoreVideo.framework/Versions/A/CoreVideo
0x00000001aa6b9000 	/System/Library/Frameworks/VideoToolbox.framework/Versions/A/VideoToolbox
0x00000001a5336000 	/System/Library/PrivateFrameworks/BaseBoard.framework/Versions/A/BaseBoard
0x00000001a9e2e000 	/System/Library/PrivateFrameworks/PersistentConnection.framework/Versions/A/PersistentConnection
0x00000001a50f5000 	/System/Library/PrivateFrameworks/ProtocolBuffer.framework/Versions/A/ProtocolBuffer
0x00000001a531f000 	/System/Library/PrivateFrameworks/CommonUtilities.framework/Versions/A/CommonUtilities
0x00000001aa51b000 	/System/Library/PrivateFrameworks/Bom.framework/Versions/A/Bom
0x00000001aa8c0000 	/System/Library/PrivateFrameworks/GPUWrangler.framework/Versions/A/GPUWrangler
0x00000001aa8a1000 	/System/Library/PrivateFrameworks/IOPresentment.framework/Versions/A/IOPresentment
0x00000001aa8c8000 	/System/Library/PrivateFrameworks/DSExternalDisplay.framework/Versions/A/DSExternalDisplay
0x00000001aa924000 	/System/Library/PrivateFrameworks/CMCaptureCore.framework/Versions/A/CMCaptureCore
0x00000001aa2b6000 	/System/Library/PrivateFrameworks/AppServerSupport.framework/Versions/A/AppServerSupport
0x00000001ac2ee000 	/System/Library/PrivateFrameworks/perfdata.framework/Versions/A/perfdata
0x00000001a887c000 	/System/Library/PrivateFrameworks/AssertionServices.framework/Versions/A/AssertionServices
0x00000001a0a65000 	/System/Library/PrivateFrameworks/AudioToolboxCore.framework/Versions/A/AudioToolboxCore
0x00000001a73fa000 	/System/Library/PrivateFrameworks/caulk.framework/Versions/A/caulk
0x00000001bb0bc000 	/System/Library/PrivateFrameworks/SystemPolicy.framework/Versions/A/SystemPolicy
0x00000001a9b16000 	/usr/lib/libIOReport.dylib
0x00000001abb8a000 	/usr/lib/libSMC.dylib
0x00000001aa7ea000 	/usr/lib/libAudioToolboxUtility.dylib
0x00000001bba41000 	/usr/lib/libmis.dylib
0x00000001e16cd000 	/System/Library/Frameworks/OpenGL.framework/Versions/A/Libraries/libGLU.dylib
0x00000001e168b000 	/System/Library/Frameworks/OpenGL.framework/Versions/A/Libraries/libGFXShared.dylib
0x00000001e1873000 	/System/Library/Frameworks/OpenGL.framework/Versions/A/Libraries/libGL.dylib
0x00000001e1694000 	/System/Library/Frameworks/OpenGL.framework/Versions/A/Libraries/libGLImage.dylib
0x00000001e1688000 	/System/Library/Frameworks/OpenGL.framework/Versions/A/Libraries/libCVMSPluginSupport.dylib
0x00000001e1672000 	/System/Library/Frameworks/OpenGL.framework/Versions/A/Libraries/libCoreVMClient.dylib
0x00000001b25ea000 	/System/Library/PrivateFrameworks/ASEProcessing.framework/Versions/A/ASEProcessing
0x00000001a9e55000 	/System/Library/PrivateFrameworks/GraphVisualizer.framework/Versions/A/GraphVisualizer
0x00000001a9e63000 	/System/Library/PrivateFrameworks/FaceCore.framework/Versions/A/FaceCore
0x00000001aa276000 	/System/Library/PrivateFrameworks/OTSVG.framework/Versions/A/OTSVG
0x00000001a5cd2000 	/System/Library/Frameworks/ApplicationServices.framework/Versions/A/Frameworks/ATS.framework/Versions/A/Resources/libFontRegistry.dylib
0x00000001aa2be000 	/System/Library/PrivateFrameworks/FontServices.framework/libhvf.dylib
0x00000001e1a0e000 	/System/Library/Frameworks/OpenCL.framework/Versions/A/OpenCL
0x00000001a9ca5000 	/System/Library/PrivateFrameworks/AppleVA.framework/Versions/A/AppleVA
0x00000001ab9d6000 	/System/Library/Frameworks/ApplicationServices.framework/Versions/A/Frameworks/ATS.framework/Versions/A/ATS
0x00000001abce9000 	/System/Library/Frameworks/ApplicationServices.framework/Versions/A/Frameworks/ColorSyncLegacy.framework/Versions/A/ColorSyncLegacy
0x00000001a4997000 	/System/Library/Frameworks/ApplicationServices.framework/Versions/A/Frameworks/HIServices.framework/Versions/A/HIServices
0x00000001abcc8000 	/System/Library/Frameworks/ApplicationServices.framework/Versions/A/Frameworks/LangAnalysis.framework/Versions/A/LangAnalysis
0x00000001aa92e000 	/System/Library/Frameworks/ApplicationServices.framework/Versions/A/Frameworks/PrintCore.framework/Versions/A/PrintCore
0x00000001abcf1000 	/System/Library/Frameworks/ApplicationServices.framework/Versions/A/Frameworks/QD.framework/Versions/A/QD
0x00000001ab9c2000 	/System/Library/Frameworks/ApplicationServices.framework/Versions/A/Frameworks/SpeechSynthesis.framework/Versions/A/SpeechSynthesis
0x00000001aa8ef000 	/System/Library/Frameworks/ApplicationServices.framework/Versions/A/Frameworks/ATSUI.framework/Versions/A/ATSUI
0x00000001abc6a000 	/usr/lib/libcups.2.dylib
0x00000001abcdc000 	/System/Library/PrivateFrameworks/NetAuth.framework/Versions/A/NetAuth
0x00000001ac308000 	/System/Library/Frameworks/Kerberos.framework/Versions/A/Kerberos
0x00000001ac319000 	/System/Library/Frameworks/GSS.framework/Versions/A/GSS
0x00000001aba45000 	/usr/lib/libresolv.9.dylib
0x00000001aa2d4000 	/System/Library/PrivateFrameworks/Heimdal.framework/Versions/A/Heimdal
0x00000001b1bd5000 	/System/Library/Frameworks/Kerberos.framework/Versions/A/Libraries/libHeimdalProxy.dylib
0x00000001a548b000 	/System/Library/Frameworks/Network.framework/Versions/A/Network
0x00000001a9d0b000 	/usr/lib/libheimdal-asn1.dylib
0x00000001ac361000 	/System/Library/PrivateFrameworks/CommonAuth.framework/Versions/A/CommonAuth
0x00000001a60fd000 	/System/Library/PrivateFrameworks/login.framework/Versions/A/Frameworks/loginsupport.framework/Versions/A/loginsupport
0x00000001ab947000 	/System/Library/PrivateFrameworks/AudioSession.framework/Versions/A/AudioSession
0x00000001ab9af000 	/usr/lib/libAudioStatistics.dylib
0x00000001a9d8b000 	/System/Library/PrivateFrameworks/MediaExperience.framework/Versions/A/MediaExperience
0x00000001ab7e8000 	/System/Library/PrivateFrameworks/AudioSession.framework/libSessionUtility.dylib
0x00000001ac2fa000 	/usr/lib/libperfcheck.dylib
0x00000001abcfd000 	/System/Library/PrivateFrameworks/AudioResourceArbitration.framework/Versions/A/AudioResourceArbitration
0x00000001a9d14000 	/System/Library/PrivateFrameworks/IconFoundation.framework/Versions/A/IconFoundation
0x00000001ae79c000 	/System/Library/PrivateFrameworks/SpeechRecognitionCore.framework/Versions/A/SpeechRecognitionCore
0x0000000107800000 	/Library/Java/JavaVirtualMachines/zulu-16.jdk/Contents/Home/lib/server/libjvm.dylib
0x0000000102e7c000 	/Library/Java/JavaVirtualMachines/zulu-16.jdk/Contents/Home/lib/libjimage.dylib
0x0000000102ee0000 	/Library/Java/JavaVirtualMachines/zulu-16.jdk/Contents/Home/lib/libjava.dylib
0x000000010327c000 	/Library/Java/JavaVirtualMachines/zulu-16.jdk/Contents/Home/lib/libnio.dylib
0x000000010329c000 	/Library/Java/JavaVirtualMachines/zulu-16.jdk/Contents/Home/lib/libnet.dylib
0x00000001032c0000 	/Library/Java/JavaVirtualMachines/zulu-16.jdk/Contents/Home/lib/libzip.dylib
0x00000001032d8000 	/Library/Java/JavaVirtualMachines/zulu-16.jdk/Contents/Home/lib/libverify.dylib


VM Arguments:
jvm_args: -Dorg.gradle.appname=gradlew 
java_command: org.gradle.wrapper.GradleWrapperMain -q -Ptarget-platform=android-arm,android-arm64,android-x64 -Ptarget=lib/main.dart -Pdart-obfuscation=false -Ptrack-widget-creation=true -Ptree-shake-icons=true assembleRelease
java_class_path (initial): /Users/ishan/dev/flutter_projs/better_assignments/android/gradle/wrapper/gradle-wrapper.jar
Launcher Type: SUN_STANDARD

[Global flags]
     intx CICompilerCount                          = 4                                         {product} {ergonomic}
     uint ConcGCThreads                            = 2                                         {product} {ergonomic}
     uint G1ConcRefinementThreads                  = 8                                         {product} {ergonomic}
   size_t G1HeapRegionSize                         = 2097152                                   {product} {ergonomic}
    uintx GCDrainStackTargetSize                   = 64                                        {product} {ergonomic}
   size_t InitialHeapSize                          = 268435456                                 {product} {ergonomic}
   size_t MarkStackSize                            = 4194304                                   {product} {ergonomic}
   size_t MaxHeapSize                              = 4294967296                                {product} {ergonomic}
   size_t MaxNewSize                               = 2575302656                                {product} {ergonomic}
   size_t MinHeapDeltaBytes                        = 2097152                                   {product} {ergonomic}
   size_t MinHeapSize                              = 8388608                                   {product} {ergonomic}
    uintx NonNMethodCodeHeapSize                   = 5839564                                {pd product} {ergonomic}
    uintx NonProfiledCodeHeapSize                  = 122909338                              {pd product} {ergonomic}
    uintx ProfiledCodeHeapSize                     = 122909338                              {pd product} {ergonomic}
    uintx ReservedCodeCacheSize                    = 251658240                              {pd product} {ergonomic}
     bool SegmentedCodeCache                       = true                                      {product} {ergonomic}
   size_t SoftMaxHeapSize                          = 4294967296                             {manageable} {ergonomic}
     bool UseCompressedClassPointers               = true                           {product lp64_product} {ergonomic}
     bool UseCompressedOops                        = true                           {product lp64_product} {ergonomic}
     bool UseG1GC                                  = true                                      {product} {ergonomic}
     bool UseNUMA                                  = false                                     {product} {ergonomic}
     bool UseNUMAInterleaving                      = false                                     {product} {ergonomic}

Logging:
Log output configuration:
 #0: stdout all=warning uptime,level,tags
 #1: stderr all=off uptime,level,tags

Environment Variables:
PATH=/Library/Frameworks/Python.framework/Versions/3.9/bin:/usr/local/bin:/usr/bin:/bin:/usr/sbin:/sbin:/Library/Apple/usr/bin:/Library/Frameworks/Python.framework/Versions/3.9/bin:/Users/ishan/dev/flutter/bin:/Users/ishan/dev/flutter/bin
SHELL=/bin/zsh
LANG=en_US.UTF-8

Signal Handlers:
SIGSEGV: [libjvm.dylib+0x9ace24], sa_mask[0]=11100110000111110111111111111111, sa_flags=SA_ONSTACK|SA_RESTART|SA_SIGINFO
SIGBUS: [libjvm.dylib+0x9ace24], sa_mask[0]=11100110000111110111111111111111, sa_flags=SA_RESTART|SA_SIGINFO
SIGFPE: [libjvm.dylib+0x9ace24], sa_mask[0]=11100110000111110111111111111111, sa_flags=SA_RESTART|SA_SIGINFO
SIGPIPE: [libjvm.dylib+0x8964e0], sa_mask[0]=11100110000111110111111111111111, sa_flags=SA_RESTART|SA_SIGINFO
SIGXFSZ: [libjvm.dylib+0x8964e0], sa_mask[0]=11100110000111110111111111111111, sa_flags=SA_RESTART|SA_SIGINFO
SIGILL: [libjvm.dylib+0x9ace24], sa_mask[0]=11100110000111110111111111111111, sa_flags=SA_RESTART|SA_SIGINFO
SIGUSR2: [libjvm.dylib+0x896f18], sa_mask[0]=00000000000000000000010000000000, sa_flags=SA_RESTART|SA_SIGINFO
SIGHUP: [libjvm.dylib+0x895590], sa_mask[0]=11100110000111110111111111111111, sa_flags=SA_RESTART|SA_SIGINFO
SIGINT: [libjvm.dylib+0x895590], sa_mask[0]=11100110000111110111111111111111, sa_flags=SA_RESTART|SA_SIGINFO
SIGTERM: [libjvm.dylib+0x895590], sa_mask[0]=11100110000111110111111111111111, sa_flags=SA_RESTART|SA_SIGINFO
SIGQUIT: [libjvm.dylib+0x895590], sa_mask[0]=11100110000111110111111111111111, sa_flags=SA_RESTART|SA_SIGINFO
SIGTRAP: [libjvm.dylib+0x9ace24], sa_mask[0]=11100110000111110111111111111111, sa_flags=SA_RESTART|SA_SIGINFO


---------------  S Y S T E M  ---------------

OS:uname: Darwin 20.5.0 Darwin Kernel Version 20.5.0: Sat May  8 05:10:31 PDT 2021; root:xnu-7195.121.3~9/RELEASE_ARM64_T8101 arm64
OS uptime: 2 days 6:16 hours
rlimit (soft/hard): STACK 8176k/65520k , CORE 0k/infinity , NPROC 2666/4000 , NOFILE 10240/infinity , AS infinity/infinity , CPU infinity/infinity , DATA infinity/infinity , FSIZE infinity/infinity , MEMLOCK infinity/infinity , RSS infinity/infinity
load average: 1.93 2.01 1.94

CPU: total 8 (initial active 8) 0x61:0x0:0x1b588bb3:0, simd, crc, lse

Memory: 16k page, physical 16777216k(472832k free), swap 2097152k(797952k free)

vm_info: OpenJDK 64-Bit Server VM (16.0.1+9) for bsd-aarch64 JRE (16.0.1+9) (Zulu16.30+15-CA), built on Apr 20 2021 17:19:00 by "zulu_re" with clang Apple LLVM 12.0.0 (clang-1200.0.32.28)

END.
